HO13C4O,0.5345886945724487,0.3196929693222046
C124O2,0.041570909321308136,0.2914440631866455
MNNCATECO2,0.45997071266174316,0.9934709668159485
IPROPOL,0.8316631317138672,0.2959882318973541
IPRHOCO2H,0.8505515456199646,0.30871158838272095
ETHGLY,0.6174127459526062,0.5315708518028259
MACROH,0.44166743755340576,0.5666000247001648
MACROO,0.5203859210014343,0.40479111671447754
ETHO2HNO3,0.4796353578567505,0.3807847499847412
NC9H20,0.05309983715415001,0.10946418344974518
MEKAOOH,0.42673975229263306,0.2855156660079956
NBZQO2,0.19940826296806335,0.7738217711448669
MACRO2,0.4252048432826996,0.5961836576461792
C2H5CHOO,0.26391470432281494,0.2833508253097534
BUT2OLAO,0.36593097448349,0.16908882558345795
DECNO3,0.18973995745182037,0.03554157540202141
C124OH,0.07245286554098129,0.32085439562797546
MAE,0.7478894591331482,0.3493410348892212
HO1CO3C4O,0.5247717499732971,0.31116876006126404
TOL1OHNO2,0.2697792053222656,0.908195436000824
CHOC3COPAN,0.3844011425971985,0.5140844583511353
PTLQONE,0.4263593554496765,0.8827590346336365
CO3C4NO3O2,0.4744594991207123,0.14276905357837677
APINBOOH,0.9753062129020691,0.6358309984207153
CISOPA,0.5990130305290222,0.38120001554489136
CISOPC,0.6021417379379272,0.38648149371147156
PXYFUO,0.05622052773833275,0.6527648568153381
C58NO3,0.6031633019447327,0.7326969504356384
C59O,0.6151403188705444,0.47949594259262085
NBZQO,0.20822958648204803,0.7566381692886353
EPXDLCO2H,0.4606620967388153,0.7940198183059692
BZFUONOOA,0.3978740870952606,0.5976997017860413
C810OOH,0.8934879899024963,0.2857331931591034
CH2CHCH2O,0.5387557744979858,0.4582732617855072
PEBO2,0.7126274108886719,0.08488543331623077
C527OOH,0.4610590934753418,0.6139693260192871
MALDIAL,0.5293596386909485,0.7784788608551025
PEBOH,0.7222432494163513,0.09187379479408264
C6PAN23,0.32702046632766724,0.5250239372253418
C6PAN22,0.36083272099494934,0.5000563859939575
HO13C5O2,0.4664469361305237,0.03913239389657974
NC3H7O,0.26459813117980957,0.29922813177108765
BENZENE,0.467011958360672,0.8652337789535522
OXYMUCCO3,0.3269938826560974,0.7548616528511047
HOCO3C54O2,0.3492952585220337,0.22759994864463806
MPRK,0.6984439492225647,0.391271710395813
NOA,0.495759516954422,0.6209235787391663
BIACETOOH,0.6822943091392517,0.3715590536594391
C5CO14CO2,0.46609291434288025,0.6049140691757202
CO3C4NO3OH,0.6810630559921265,0.32485631108283997
CH2CHCH2OOH,0.5370562672615051,0.4592979848384857
HEPTOH,0.20616938173770905,0.05050734803080559
IEPOXC,0.5546316504478455,0.5775952339172363
IEPOXB,0.5748991966247559,0.5717998147010803
IEPOXA,0.3707950711250305,0.6947723031044006
MACROOA,0.5136341452598572,0.41254428029060364
APINCOOH,0.9355581402778625,0.3377256691455841
MACROOH,0.42831817269325256,0.5751267671585083
C716O,0.7396383881568909,0.4290108382701874
C6COCHOCO3,0.0792500451207161,0.5530725717544556
C510OH,0.6010631322860718,0.7918938398361206
PTLQO,0.3377470374107361,0.841182291507721
C63NO3,0.5433398485183716,0.11297933757305145
C89CO3H,0.943239688873291,0.22864902019500732
C109O2,0.9269142746925354,0.5145410895347595
MALDIALO,0.5645384788513184,0.7705399394035339
NPTLQO,0.39160868525505066,0.8744996190071106
C514OH,0.8087946772575378,0.46236395835876465
PBZQONE,0.4822029173374176,0.8615216612815857
HMVKAO,0.5766662359237671,0.38275042176246643
C811OOH,0.16498610377311707,0.6648436784744263
C5M2OHCO3H,0.6960911750793457,0.4440857172012329
C122O,0.3287065625190735,0.17996254563331604
C44O,0.5362570881843567,0.5318280458450317
PERPENACID,0.18736933171749115,0.35357657074928284
BENZAL,0.3247362971305847,0.6158930659294128
HO2C4CO2H,0.21967145800590515,0.44614043831825256
C51OH2OOH,0.6013810038566589,0.16055059432983398
ISOPCNO3,0.6333851218223572,0.6128903031349182
C109OH,0.46027329564094543,0.4555063843727112
TMB1FUOOH,0.04905637353658676,0.7532700300216675
IC3H7O,0.8454155325889587,0.3034249544143677
C510O2,0.523396909236908,0.7258153557777405
C44O2,0.8594740033149719,0.2418079823255539
DHPMEK,0.6166590452194214,0.3923199474811554
CO23C54O,0.3998817801475525,0.43369707465171814
INB1NACHO,0.5747984051704407,0.732298731803894
NC524OOH,0.479377418756485,0.3745068311691284
C51NO324CO,0.6778315305709839,0.3895585536956787
ISOPANO3,0.6006356477737427,0.5439445972442627
PBZQO2,0.18037457764148712,0.7557428479194641
INB1OOH,0.7000688314437866,0.6435992121696472
EPXDLPAN,0.3727675974369049,0.5793461203575134
C921O,0.8833069205284119,0.21544019877910614
H14CO23C4,0.5948045253753662,0.4098205268383026
H3C2C4CO2H,0.7575508952140808,0.5547903180122375
CO2C4CHO,0.38370615243911743,0.48601672053337097
C811CO3,0.16919581592082977,0.6667599678039551
TLEMUCCO3,0.3047542870044708,0.6964892148971558
HO1CO4C6,0.1858607679605484,0.15760131180286407
C6OTRIKET,0.7315124869346619,0.452297180891037
HVMK,0.4805904030799866,0.5810458660125732
HO3C86O,0.1411214917898178,0.14494989812374115
MC6CO2OOH,0.471820592880249,0.5317858457565308
C96O2,0.9173858761787415,0.6375160217285156
MMALNBCO3H,0.6035666465759277,0.7558507323265076
C5NO3CO4OH,0.628286600112915,0.17405249178409576
HO1C6O,0.20141784846782684,0.4190810024738312
C5M2OHOCO3,0.7042144536972046,0.4514419734477997
C107O,0.9589448571205139,0.4368989169597626
C98O2,0.8217820525169373,0.29446738958358765
HC4CO3,0.49656856060028076,0.40602031350135803
INCNO3,0.6473168134689331,0.5936258435249329
OXYBIPERO2,0.6479841470718384,0.8072992563247681
C6H5OOH,0.15643766522407532,0.8408654928207397
DEC3ONE,0.18303698301315308,0.07508521527051926
C3MDIALO,0.4633971154689789,0.586942732334137
C920CO3,0.8763700723648071,0.5232892036437988
C113O,0.07574085146188736,0.30801454186439514
C112OOH,0.37168097496032715,0.07206171005964279
NPXYFUO2,0.07685893028974533,0.6456486582756042
C5NO3COAO2,0.62507164478302,0.13314010202884674
H1C23C4PAN,0.38093462586402893,0.5029361248016357
C111O,0.1509009152650833,0.0
IBUTALOH,0.4351339340209961,0.5111383199691772
C32OH13CO,0.4493725299835205,0.660772442817688
C514O,0.81128990650177,0.46250444650650024
CH3CO3H,0.6896902918815613,0.4119773507118225
PBZQOH,0.1740422546863556,0.7492698431015015
CH3C2H2O2,0.508976399898529,0.42396992444992065
INANO3,0.5655280351638794,0.37967902421951294
C6H5CO3H,0.14118339121341705,0.8359106779098511
HO3C126O2,0.05943671613931656,0.14788849651813507
APINBOH,0.9773045778274536,0.6283359527587891
APINBOO,0.9282591342926025,0.6418443322181702
C4CHOBO2,0.13450220227241516,0.3365802764892578
C4CO2O,0.5180068612098694,0.5858189463615417
CO235C6O2,0.6993070244789124,0.2881849408149719
HO13C5OOH,0.47238337993621826,0.039045173674821854
C614OH,0.7054256796836853,0.2621585726737976
CH4,0.706956684589386,0.3281319737434387
C235C6CO3H,0.8546106219291687,0.4340267479419708
HMGLYOO,0.24661937355995178,0.5418388843536377
NC4CO3,0.4220171272754669,0.6006932854652405
HO2C5O2,0.23761209845542908,0.4768252670764923
HC4PAN,0.4065667688846588,0.5002881288528442
NC71O,0.8637607097625732,0.4188516438007355
HO2C5OH,0.6514645218849182,0.05999847874045372
C54CO,0.4526049494743347,0.5048893690109253
C614O2,0.7380237579345703,0.26731088757514954
PEBOOH,0.7161072492599487,0.08726628124713898
OXYL1O2,0.2661269009113312,0.8365024328231812
APINBO2,0.9788194894790649,0.6202802062034607
HO2CO4C5,0.7085795998573303,0.4088791012763977
C4OHCHO,0.3465437591075897,0.4541192054748535
MMALANHY,0.7151930928230286,0.7917659878730774
C312COCO3H,0.3898915946483612,0.36171630024909973
MEK2OO,0.764660656452179,0.37139907479286194
HIEPOXB,0.7656441330909729,0.7095482349395752
C86OOH,0.8362247347831726,0.3108232021331787
CONM2CO2H,0.48655617237091064,0.5841049551963806
PEN2ONE1O,0.5519688129425049,0.28700345754623413
BU1ENO3OOH,0.5230550169944763,0.19230416417121887
APINANO3,0.9609217643737793,0.6148898005485535
HMACRO2,0.37520498037338257,0.5259698033332825
HO1C6NO3,0.18298041820526123,0.16545546054840088
TOL1O,0.27518877387046814,0.878143310546875
IPROPOLPER,0.3484869599342346,0.19539961218833923
CO25C74OH,0.19554726779460907,0.13636082410812378
C920PAN,0.39652127027511597,0.5280224680900574
C3NO3COOOH,0.6363606452941895,0.26213008165359497
C811PAN,0.32261109352111816,0.5739133358001709
ALLYLOH,0.5318729281425476,0.44703665375709534
C53OH2OOH,0.3690095841884613,0.12015239894390106
C812OOH,0.8080246448516846,0.15935266017913818
C81OOH,0.3405076265335083,0.12847596406936646
A2PAN,0.7731491923332214,0.6433190107345581
HO13C5O,0.35291966795921326,0.19021452963352203
IPROPOLO2H,0.4076111614704132,0.31969696283340454
APINAO,0.9540045261383057,0.6313108205795288
BZEMUCCO3H,0.32329869270324707,0.7171556949615479
HMACROH,0.37278032302856445,0.5385814309120178
C6135COO,0.5922173857688904,0.2933160662651062
IPRHOCO3H,0.8511876463890076,0.307368665933609
COHM2CO3H,0.45232295989990234,0.6406025290489197
C922O2,0.8695563077926636,0.23694294691085815
H1C23C4CHO,0.4029509127140045,0.4616855978965759
DIEKBOOH,0.10960391163825989,0.27734142541885376
HO1C4O2,0.17442502081394196,0.5172960758209229
HPC52CO3H,0.5382304191589355,0.4929954409599304
MVKOHBO2,0.5698951482772827,0.4467564523220062
C106OOH,0.8779998421669006,0.34647440910339355
PROPGLY,0.5956915616989136,0.4873736798763275
ISOP34O2,0.5431957840919495,0.3928965926170349
UDECO,0.10878922045230865,0.04550706595182419
HO2C4CO3H,0.21824805438518524,0.44698330760002136
HMVKNGLYOX,0.44200342893600464,0.5396698713302612
C84O2,0.11641842871904373,0.20372915267944336
HOCH2CO2H,0.5796972513198853,0.30437737703323364
IEC2OOH,0.49216827750205994,0.5481921434402466
HNC524CO,0.4325696527957916,0.5270119905471802
TLEMUCCO2H,0.2945380210876465,0.7031795978546143
NONNO3,0.0810195654630661,0.11372771859169006
C98OOH,0.8274043202400208,0.2888519763946533
C23O3CCO3,0.046403270214796066,0.639950156211853
C720O,0.9720579981803894,0.3394986689090729
OXYLOL,0.686641275882721,0.893933892250061
C524OH,0.6162436604499817,0.23448505997657776
OXYLOH,0.27817127108573914,0.7937707304954529
OXYFUONE,0.7768890261650085,0.6150488257408142
CO23C4CO3,0.4383299946784973,0.30213800072669983
C524O2,0.5858257412910461,0.28183093667030334
SC4H9O,0.3390071392059326,0.1742536574602127
DNCRESOOH,0.3122817873954773,0.9447147250175476
OXYLO2,0.28411978483200073,0.7984167337417603
C72O,0.2694031596183777,0.2280069887638092
C621OOH,0.707172155380249,0.23492825031280518
PTLQOOH,0.3397149443626404,0.857495129108429
HOCH2CO3H,0.5789089202880859,0.2968754172325134
C96OOH,0.8902194499969482,0.6479979753494263
HOCHOCOOH,0.5289900898933411,0.5054762959480286
HEPTO2,0.21000413596630096,0.03797689080238342
HO3C116O,0.11090065538883209,0.08109335601329803
NPHENOOH,0.5454707145690918,0.8717241287231445
HO14CO3C5,0.3510288894176483,0.21838301420211792
CHOC3COOOH,0.8104506731033325,0.4187265932559967
HO1C3O2,0.15642386674880981,0.4860322177410126
C57NO3,0.6184542179107666,0.6004146337509155
PACLOOA,0.5806416273117065,0.6293527483940125
C83OOH,0.23873546719551086,0.41884079575538635
MMALNBCO2H,0.6225770115852356,0.7635544538497925
C51NO3,0.6724649667739868,0.19382119178771973
INDHPPAN,0.6931583881378174,0.5367330312728882
C23O3CPAN,0.3501490354537964,0.5468015670776367
CH3COCO2H,0.7021524310112,0.4824146330356598
C94O,0.1381205916404724,0.3162304759025574
NC4OO,0.6961365938186646,0.5267174243927002
C6CYTONOOH,0.14784537255764008,0.6002212762832642
NOAOOA,0.5675647854804993,0.6459820866584778
C6125CO,0.3528136909008026,0.6120326519012451
C2OHOCOOH,0.7802911996841431,0.6307629346847534
BZFUOH,0.39161086082458496,0.8377436995506287
C719O,0.989111065864563,0.38169777393341064
BZFUO2,0.40884262323379517,0.8373302817344666
CO235C6CHO,0.812366247177124,0.41365915536880493
NPHENO,0.5604817867279053,0.8045041561126709
C3PAN2,0.43995025753974915,0.6300379633903503
C3PAN1,0.43318408727645874,0.520154595375061
MACROHO,0.5697842240333557,0.3751373291015625
INDO2,0.6822443604469299,0.533428966999054
CH3CO3,0.6410704851150513,0.44404229521751404
CATECOOA,0.39623335003852844,0.9433481097221375
NBUTOLBOOH,0.41254308819770813,0.22112473845481873
DIEKBO2,0.12002135813236237,0.23789626359939575
CO2C3CO2H,0.7739463448524475,0.33592018485069275
HO13C3CO3H,0.19752265512943268,0.5126299262046814
CO356C9,0.14126457273960114,0.3109920620918274
PE1ENEBO2,0.3450535535812378,0.36284130811691284
C97OOH,0.900994598865509,0.6079598069190979
C82OOH,0.13464219868183136,0.2628834545612335
PBZQOOH,0.17529365420341492,0.7472344040870667
CH3COCH2O2,0.7563773989677429,0.36290815472602844
MACO3H,0.45576730370521545,0.5247941017150879
C716OOH,0.8352606296539307,0.4143022298812866
C123O,0.0710182711482048,0.29290324449539185
HMVKBO,0.6590556502342224,0.4723395109176636
HO3CO6C7,0.4065640866756439,0.16861411929130554
CH3NO3,0.5880162715911865,0.3110777735710144
HO3CO6C8,0.15409843623638153,0.15086345374584198
ISOPAOH,0.6285725235939026,0.6314467191696167
HMVKANO3,0.3057141900062561,0.6012928485870361
HOC2H4CO2H,0.37985914945602417,0.27642208337783813
PAN,0.49516358971595764,0.436156302690506
C114O2,0.06057753413915634,0.3089459240436554
HYPROPO,0.502458930015564,0.2784368693828583
HC4CCO2H,0.6582915186882019,0.4589625298976898
HO2C4CHO,0.29858702421188354,0.5034696459770203
OXNCATECH,0.7722524404525757,0.8826961517333984
OXNCATECO,0.760577380657196,0.8678848147392273
HOCOC4DIAL,0.36229175329208374,0.5916323065757751
MECOACETO,0.6142900586128235,0.34896495938301086
NCATECO,0.3598349690437317,0.955843985080719
C114OH,0.09364235401153564,0.3348001539707184
C526NO3,0.39943695068359375,0.5503442883491516
C5H11CO3H,0.07334771007299423,0.3934084475040436
MPRKBOOH,0.7209060192108154,0.40510931611061096
MALDIALCO3,0.4712058901786804,0.8074430823326111
ISOPAO2,0.603301465511322,0.6612004637718201
HC4CHO,0.4260481595993042,0.49106791615486145
SC4H9OOH,0.4096563756465912,0.1303645372390747
C122OOH,0.32536450028419495,0.15225470066070557
TMB1FUO,0.058833591639995575,0.745940089225769
HC4CCO3,0.6519532799720764,0.47850561141967773
C920CO3H,0.8862742781639099,0.5256252884864807
C6COCHOPAN,0.3592914938926697,0.5374687910079956
CONM2CO3H,0.41439712047576904,0.5507079362869263
CO23C4NO3,0.6887595057487488,0.3829055726528168
CH3CHOHCO3,0.36290809512138367,0.20532561838626862
COHM2CO2H,0.446829229593277,0.6566461324691772
CO3C85OOH,0.22900383174419403,0.08537863194942474
MACRNBCO3H,0.5196819305419922,0.6987998485565186
C103CO,0.10666804015636444,0.35965046286582947
C71O2,0.33269140124320984,0.10521610826253891
PXYFUOOH,0.04647643119096756,0.6575542092323303
HOC3H6CO3H,0.13018560409545898,0.4926305115222931
C4CHOBO,0.11794793605804443,0.32725241780281067
OCTOOH,0.1431562751531601,0.09012947976589203
MACRNOOA,0.4538016617298126,0.5470572710037231
CO2C54O2,0.7324867844581604,0.1389923244714737
C123OOH,0.02703680843114853,0.27504831552505493
CATEC1O,0.37019872665405273,0.9863821268081665
BZEMUCCO,0.5379084348678589,0.781283438205719
APINBO,0.9588912129402161,0.6331119537353516
C73O,0.348895788192749,0.20987610518932343
CO2C3PAN,0.4599628746509552,0.5697333216667175
CO3C4CHO,0.15913031995296478,0.3275410830974579
HO2C4O,0.23662936687469482,0.4641554653644562
BIACETO,0.5119130611419678,0.42578038573265076
BUTALO2H,0.39761513471603394,0.4737570285797119
C89NO3,0.8687409162521362,0.30492696166038513
C720OH,0.9697370529174805,0.3379881680011749
C3DIOLO2,0.6524172425270081,0.3086199462413788
BUT2OLOOH,0.43029895424842834,0.10525427013635635
C121OOH,0.0483376570045948,0.08059650659561157
C51NO32O2,0.571873664855957,0.1781007945537567
NC3H7NO3,0.265657901763916,0.3010755479335785
C720O2,0.9557631611824036,0.33575841784477234
NC72O2,0.8928741812705994,0.45356282591819763
MCATECHOL,0.454103946685791,0.9598327279090881
C722O2,0.8561539649963379,0.261087030172348
HC4ACO2H,0.4383015036582947,0.5505592823028564
PENT1ENE,0.524507462978363,0.2839975655078888
PGAOOB,0.5786572098731995,0.7592901587486267
MEK2OOA,0.7536610960960388,0.36183640360832214
HO1C5OOH,0.6426888704299927,0.057132188230752945
PINALOH,0.9453615546226501,0.47633492946624756
DNOXYOLO,0.7341722846031189,0.9091320037841797
HO6C7O2,0.3213203251361847,0.03998355194926262
CO2C3CO3H,0.7699770927429199,0.3260030448436737
C85CO3,0.27743789553642273,0.6696791648864746
C7PAN3,0.3656627833843231,0.5388902425765991
C7PAN2,0.33651086688041687,0.5204182267189026
NC12H26,0.04339968040585518,0.10262622684240341
HIEB2O2,0.468278706073761,0.740612268447876
C109CO,0.40622687339782715,0.5161318778991699
MC3CODBCO3,0.52977055311203,0.6691680550575256
MC3CODBCO2,0.4674008786678314,0.635794997215271
CYHXONANO3,0.20376801490783691,0.5794886350631714
DNPHEN,0.18148189783096313,0.9078206419944763
CYHEXONE,0.3711024522781372,0.4992404580116272
C4COMOH3O,0.2877093255519867,0.4300837218761444
PR2O2HNO3,0.5306820869445801,0.651160478591919
C2H5NO3,0.31706392765045166,0.18702110648155212
C721O,0.13613876700401306,0.6688806414604187
TLEMUCCO3H,0.2954571843147278,0.7045167088508606
OXYFUOOH,0.8097553253173828,0.5761432647705078
H1C23C4OOH,0.39727988839149475,0.3876080811023712
CO24C5,0.7208470702171326,0.40191322565078735
H3C2C4CO3,0.75555819272995,0.5435109734535217
HO3C5O2,0.1969219446182251,0.22573092579841614
NOXYOL1O,0.7177271842956543,0.9428664445877075
C6COCHOO,0.1044253334403038,0.560576856136322
HMACO3,0.5712248086929321,0.3076110780239105
OXNCATECO2,0.7767846584320068,0.8772486448287964
NC41OOA,0.6801567673683167,0.3447946012020111
CH3COCH2O,0.6199920177459717,0.3632613718509674
M3BU3ECO3,0.4455513060092926,0.3688248097896576
C6H5CH2O,0.154471755027771,0.7938112616539001
ACLOOA,0.590910792350769,0.6212556958198547
NBUTOLAO2,0.4705570340156555,0.17861588299274445
INAHPCHO,0.3196808099746704,0.5908457040786743
INANCHO,0.3282364010810852,0.5809009671211243
TLEMUCOOH,0.5385738015174866,0.6210944652557373
NDNCRESO2,0.2788815200328827,0.899208664894104
NBUTOLAOH,0.48765814304351807,0.1610906422138214
DDECOOH,0.061873577535152435,0.10795450955629349
C4CO2OOH,0.5191227793693542,0.5756224393844604
HEPTOOH,0.21457523107528687,0.04416980594396591
HO4C5CO3H,0.3380829095840454,0.34749773144721985
CH3COCO3H,0.6923392415046692,0.449655145406723
C6H5CO3,0.14856941998004913,0.8192954063415527
C5OCO3M,0.32160666584968567,0.565149188041687
C84OH,0.13887569308280945,0.19561000168323517
C95O,0.32276543974876404,0.4924866557121277
C4MDIAL,0.5116783380508423,0.6350139379501343
PR1O2HNO3,0.4748840630054474,0.2171921730041504
EPXM2C4DAL,0.3712664246559143,0.6355074644088745
C312COPAN,0.371938019990921,0.5200088620185852
C4CHOBOOH,0.1188376247882843,0.3252056837081909
TLEMUCO2,0.5327778458595276,0.6235953569412231
PXYFUONE,0.3178606629371643,0.5726882219314575
HOC3H6CO2H,0.13161420822143555,0.49205923080444336
HO2C4CO3,0.23364894092082977,0.46397489309310913
CO24C53O2,0.7407539486885071,0.450224906206131
NOXYOLO2,0.6581138968467712,0.8725268244743347
NDNPHENO2,0.19194893538951874,0.888087272644043
C721CHO,0.29963183403015137,0.5903607606887817
C5CO2OHCO3,0.3401999771595001,0.5883294939994812
MC4CODBPAN,0.39505735039711,0.5630797147750854
NCRESO,0.5737172961235046,0.8027892708778381
CO2N3CO3,0.6065642237663269,0.6239343285560608
C536OOH,0.4860104024410248,0.4883043169975281
HO1CO24C5,0.6819683313369751,0.21095959842205048
HO1CO24C6,0.5497214794158936,0.13282594084739685
C58AO2,0.43368634581565857,0.5811291933059692
HOC2H4CO3H,0.38146987557411194,0.2752847671508789
NC3OOA,0.5984237194061279,0.6224831342697144
ACO3,0.46174144744873047,0.4524410665035248
PBN,0.34581291675567627,0.47226038575172424
C89CO2,0.9380062818527222,0.2360597550868988
C89CO3,0.9172360897064209,0.24590620398521423
TLFUOH,0.2454201579093933,0.7454120516777039
C5CO2OHPAN,0.3522450029850006,0.5738930702209473
C527O,0.5770453214645386,0.7350137233734131
CO25C74O,0.19704966247081757,0.133608877658844
TLEMUCOH,0.5380241274833679,0.6234361529350281
HC4CCO3H,0.5136527419090271,0.5169481635093689
M3F,0.6218249797821045,0.6673964858055115
C5DICARB,0.5477052927017212,0.7090342044830322
C530OOH,0.49224385619163513,0.29515209794044495
INB2O,0.6921212077140808,0.6802459955215454
HEXANO3,0.015186133794486523,0.3775322437286377
C614CO,0.7139583826065063,0.27609896659851074
DNPHENO,0.31896689534187317,0.9335839748382568
H3C25C5CHO,0.41239070892333984,0.528167188167572
C63O,0.5264183878898621,0.26855409145355225
HMACROOH,0.3720228672027588,0.5307528972625732
HO2C4NO3,0.24326974153518677,0.4542165994644165
PE2ENEBO2,0.3456417918205261,0.11880774796009064
HC4ACO3H,0.4424874484539032,0.5532886981964111
ACCOMECO3,0.24023179709911346,0.7013964056968689
TLFUONE,0.2876438796520233,0.7472652792930603
C4CO2DCO3H,0.35955896973609924,0.5567598342895508
HO4C5CO3,0.3343401849269867,0.35719993710517883
C531OOH,0.42280372977256775,0.37953782081604004
EGLYOX,0.3125852942466736,0.45985087752342224
C3H7CHOOA,0.362196147441864,0.4815233051776886
NC524O2,0.5996152758598328,0.24278049170970917
CO3C5CO3,0.09423403441905975,0.24382290244102478
NISOPO,0.5130003690719604,0.694338321685791
C537OOH,0.4879330098628998,0.5038971900939941
MACO2H,0.5325809717178345,0.41087427735328674
NC526O2,0.45787304639816284,0.3507762849330902
NPHEN1O2,0.1650223582983017,0.9058153033256531
NC102O,0.8650710582733154,0.32653355598449707
PINIC,0.15230855345726013,0.6741319894790649
C84O,0.13803112506866455,0.19217132031917572
CO245C7,0.17845185101032257,0.12764129042625427
PTLQCO,0.33827897906303406,0.8458775877952576
CO2H3CO3,0.6081413626670837,0.6333242058753967
H3C2C4PAN,0.41677746176719666,0.5693071484565735
C4MALOHOOH,0.44637155532836914,0.590825080871582
HO3C86O2,0.14133736491203308,0.13534954190254211
C6H13CHO,0.33099621534347534,0.4818818271160126
MVKOHBOOH,0.607010543346405,0.4648039937019348
CHOMOHCO3H,0.585387110710144,0.6143895983695984
C5H11CHO,0.32209059596061707,0.4352244734764099
C722O,0.8532634973526001,0.2880091667175293
C3H7CO3,0.23864860832691193,0.32772111892700195
C108OOH,0.8933796882629395,0.3589053153991699
C5124COPAN,0.3426016569137573,0.5353558659553528
NAPINBO2,0.979373037815094,0.5949535965919495
INANCO2H,0.24561730027198792,0.6318213939666748
TLFUONOO,0.24772770702838898,0.702893078327179
C514O2,0.8193583488464355,0.43800878524780273
PECO,0.23651491105556488,0.21290653944015503
HO6CO9C11,0.13917404413223267,0.11990822851657867
HO2C5O,0.6572170853614807,0.06455940008163452
C4PAN10,0.35148441791534424,0.5364184975624084
NO3CH2PAN,0.44856396317481995,0.4459320306777954
CISOPAO2,0.6197037696838379,0.6331844329833984
C524OOH,0.6187953948974609,0.23843200504779816
INDHPCO3H,0.6951243281364441,0.5370275974273682
C23O3CCO3H,0.028786715120077133,0.6405096650123596
C31CO3H,0.3660295903682709,0.5477041006088257
HOCO3C54O,0.34799453616142273,0.21696406602859497
MPRKAO,0.43669772148132324,0.2485945224761963
PECNO3,0.17697620391845703,0.17139574885368347
C5DIALO,0.3721795678138733,0.6194544434547424
C4PAN1,0.31967511773109436,0.5333872437477112
C4PAN2,0.3248215913772583,0.5364384651184082
C4PAN3,0.37052425742149353,0.5059913992881775
C5DICARBO2,0.4935234487056732,0.7181339859962463
C4PAN5,0.4326399862766266,0.5088865160942078
C4PAN6,0.46541717648506165,0.5801641941070557
HCC7CO,0.9644887447357178,0.34358495473861694
C5DIALO2,0.3368014395236969,0.705099880695343
C524CO,0.5937234163284302,0.2756328880786896
C6CODIAL,0.29511943459510803,0.5474894046783447
OXYLAL,0.3432586193084717,0.639533519744873
C3MCODBPAN,0.4663900136947632,0.5825003981590271
C511O,0.7132765054702759,0.42405495047569275
OCTOH,0.14554381370544434,0.08277153223752975
CHOC3COO,0.5771543383598328,0.3160569965839386
HMGLOOA,0.4720062017440796,0.5065693855285645
NC101O,0.9879721999168396,0.5342468023300171
C96O,0.9059853553771973,0.6395679712295532
INB1NBCO2H,0.6994661092758179,0.5352693200111389
HO3C106NO3,0.1680195927619934,0.0866318792104721
HO3C5CO2H,0.20029674470424652,0.23843932151794434
C122O2,0.31771162152290344,0.14755879342556
OCTO2,0.13757894933223724,0.07226374745368958
HO3C5O,0.2095801830291748,0.23492541909217834
BUTALO,0.37728357315063477,0.2395526021718979
HIEB2OOH,0.37666329741477966,0.5658957362174988
ACO3H,0.47484996914863586,0.46306565403938293
C5COO2NO2,0.45562297105789185,0.5905992984771729
INAHCO3,0.25289058685302734,0.6313017010688782
NBUTOL,0.27882206439971924,0.33403944969177246
C5DIALOH,0.3694517910480499,0.6170303225517273
C525OOH,0.6460564136505127,0.19462502002716064
C534OOH,0.6678614616394043,0.7299865484237671
BUTAL2NO3,0.3576013445854187,0.46780675649642944
C89O,0.9143812656402588,0.2681714594364166
C121O,0.0446767695248127,0.07510530948638916
C921OOH,0.8905495405197144,0.20279550552368164
NC71CO,0.8807326555252075,0.4405772089958191
HO3C86NO3,0.14432436227798462,0.14377915859222412
PINALOOH,0.9459578394889832,0.47857895493507385
C3DIOLOOH,0.6479445695877075,0.3030521273612976
HEXAO,0.0,0.36370420455932617
INAHPCO3,0.25584676861763,0.6294702291488647
MMALANHYO2,0.7402578592300415,0.7884963750839233
C63O2,0.5224978923797607,0.10503648221492767
C312COCO3,0.39659354090690613,0.3729070723056793
HCOCH2CHO,0.3880726993083954,0.5201090574264526
NCATECHOL,0.36113154888153076,0.9868547916412354
C614NO3,0.7069637179374695,0.2603796422481537
BU1ENO3O2,0.5085002183914185,0.17964525520801544
C74OOH,0.3728635311126709,0.44929954409599304
NC5H12,0.18156228959560394,0.24704380333423615
C524O,0.5736116766929626,0.29300352931022644
TLBIPERO,0.5507183074951172,0.7303918600082397
PRONO3AO2,0.4755839407444,0.22884367406368256
C10PAN1,0.3584291934967041,0.45374616980552673
C10PAN2,0.3765009343624115,0.5759041905403137
CO2H3CO3H,0.6535199284553528,0.5027005076408386
HO8C9CO3,0.28746747970581055,0.195103719830513
PEBO,0.7048623561859131,0.08071780204772949
MALANHYOOH,0.3459014296531677,0.7194594740867615
C63OH,0.5451915860176086,0.11168285459280014
C3DIALO,0.4432067275047302,0.6461401581764221
NTMB1FUO2,0.05942324921488762,0.7558549642562866
TLBIPERNO3,0.550341784954071,0.8363926410675049
MCOCOMOXO,0.6066018342971802,0.3494676351547241
HO3C126NO3,0.06549593806266785,0.15675030648708344
HO13C3CHO,0.2943759262561798,0.5259115695953369
C85CO3H,0.26239311695098877,0.6793898940086365
PHPTN,0.3301120102405548,0.5202780961990356
C58NO3CO3,0.4561655819416046,0.7326828241348267
C811OH,0.16877053678035736,0.6620876789093018
INAHPCO3H,0.24951212108135223,0.6324736475944519
HO5C5CO3,0.16590912640094757,0.4286881685256958
C101O2,0.20642375946044922,0.029743235558271408
PRNO3CO3H,0.3512149453163147,0.19407500326633453
C5DICARBO,0.5707569718360901,0.7058240175247192
HO12C5,0.6036314964294434,0.1332254856824875
NCRESO2,0.5414651036262512,0.9000647664070129
PHAN,0.46023496985435486,0.44152626395225525
HO3C3CHO,0.5220298767089844,0.2637789845466614
NC72OOH,0.9004244804382324,0.4649313688278198
NNCATECOOH,0.35488995909690857,0.9752404689788818
NOXYOLOOH,0.6417617797851562,0.859066367149353
MCATEC1O,0.45957326889038086,0.9832850098609924
CHOC2CO3H,0.02678748592734337,0.5545388460159302
HO1C3OOH,0.16343192756175995,0.5016089677810669
H3C25CCO2H,0.816794216632843,0.5052276849746704
OXYBPEROOH,0.6430554389953613,0.7951856851577759
H3C25C6OOH,0.790278971195221,0.5087172389030457
NCRESOH,0.5685786008834839,0.8802579641342163
IEB1CHO,0.6533173322677612,0.6838808059692383
NC101CO,0.9731155037879944,0.6013577580451965
MACRNCO2H,0.5918076038360596,0.5363588929176331
CO25C73OH,0.32411351799964905,0.2825095057487488
MC5CO2OHO,0.5940244197845459,0.7591540813446045
C811O2,0.16172794997692108,0.6671731472015381
NOXYOLOH,0.6420432329177856,0.8572848439216614
HO3C116OOH,0.10990041494369507,0.08272965252399445
HO5C6OOH,0.2338811159133911,0.4097031354904175
NORPINAL,0.35626041889190674,0.5993058681488037
C6H5CH2NO3,0.1570713371038437,0.7942034006118774
C3H7CHO,0.31496763229370117,0.38616010546684265
INANCO3H,0.24651245772838593,0.6302156448364258
C57NO3CO3,0.6922210454940796,0.6648978590965271
CRESOOH,0.5166082978248596,0.8988125920295715
HO13C5,0.1681593507528305,0.21573659777641296
NDNCRESOOH,0.2830636203289032,0.8798155784606934
C23O3CCO2H,0.027102166786789894,0.6410610675811768
C71O,0.3478674292564392,0.18165525794029236
PEANO3,0.11830537766218185,0.4163164496421814
HYPROPO2H,0.5965715050697327,0.5022839307785034
NNCATECO,0.36222168803215027,0.955238938331604
H3C25C6OH,0.6933918595314026,0.2890375554561615
C71OOH,0.34870555996894836,0.18000324070453644
H3C25C6O2,0.8052679896354675,0.4936624765396118
INANCOCO3,0.7167423367500305,0.369954377412796
INB1O,0.6251541972160339,0.5455957055091858
C6COHOCHO,0.12565015256404877,0.5279253125190735
NC6PAN1,0.33922332525253296,0.5519658923149109
INCNCHO,0.5743089914321899,0.7621402740478516
INANPAN,0.32383427023887634,0.5805226564407349
ISOPDNO3,0.5906937122344971,0.35040557384490967
C4DBM2PAN,0.6921944618225098,0.42959529161453247
CO3C5CHO,0.32383906841278076,0.488017201423645
HO3C76OOH,0.3088253140449524,0.013563522137701511
INB1HPCO2H,0.41888996958732605,0.7184743285179138
TLFUOOH,0.2445947229862213,0.744210958480835
HIEB1O2,0.39995867013931274,0.7004711031913757
C57O,0.5975467562675476,0.5778864026069641
HO3C5CO3H,0.19965112209320068,0.23710420727729797
CO3C5CO3H,0.08864954859018326,0.23485581576824188
HO3C4O,0.5264852643013,0.2709994316101074
ACO2H,0.4427085518836975,0.4507642984390259
OXYBIPENO3,0.749308705329895,0.4935143291950226
C5H11CO3,0.07947541773319244,0.3762992024421692
C93NO3,0.1522778570652008,0.3021325170993805
MMALNACO3,0.478179395198822,0.7226210832595825
NC61CO3H,0.24590274691581726,0.581872284412384
NBUTOLAO,0.521148145198822,0.27923280000686646
C89PAN,0.45022398233413696,0.5096831321716309
C721CO3H,0.13966602087020874,0.6693507432937622
HC4ACHO,0.5045453310012817,0.6234843134880066
PE1ENEAO2,0.5953992605209351,0.1584428995847702
NOXYFUO,0.7972907423973083,0.5516340732574463
MC5CO2OHO2,0.6701202988624573,0.7635899782180786
CO36C8,0.14058519899845123,0.15757416188716888
CO36C9,0.11771877855062485,0.22701066732406616
C103NO3,0.08439359068870544,0.34796926379203796
C2H5O,0.31808969378471375,0.19058896601200104
APINOOB,0.4274401366710663,0.561356246471405
APINOOA,0.9756442308425903,0.536127507686615
NC524NO3,0.24388487637043,0.5718488693237305
C96OH,0.8918159604072571,0.6493660807609558
CONM2CO3,0.57066810131073,0.6169270277023315
PPEN,0.3374371826648712,0.4820989668369293
C113OOH,0.03134111687541008,0.3003929555416107
HO7CO10C12,0.12351980060338974,0.1474391669034958
BZBIPERNO3,0.5598801374435425,0.8449696898460388
DNPHENOOH,0.23145964741706848,0.9361903667449951
NC101OOH,0.9916625618934631,0.5590196251869202
NC102OOH,0.8863363265991211,0.33389315009117126
TISOPA,0.6056351661682129,0.37118855118751526
TISOPC,0.6049924492835999,0.3827303946018219
INCO,0.646064043045044,0.5882902145385742
HMVKAO2,0.72724449634552,0.5455216765403748
MEKCOH,0.48729127645492554,0.23872554302215576
C103OOH,0.0865676999092102,0.3473307192325592
HO36C12,0.06642614305019379,0.15502136945724487
HO36C11,0.1119726225733757,0.08625666052103043
HO36C10,0.1701596975326538,0.08599843084812164
ISOP34OOH,0.5102004408836365,0.38848045468330383
H13CO2CO3H,0.24055497348308563,0.5495078563690186
MALDALCO3H,0.4420497715473175,0.7836946845054626
C516OOH,0.730933427810669,0.21972109377384186
DNCRESO,0.3608817458152771,0.9364400506019592
PENTACID,0.18899258971214294,0.35221752524375916
MACRO,0.4313807785511017,0.5665280222892761
IECCHO,0.38892945647239685,0.5895472168922424
NOXYOL1OOH,0.718169093132019,0.9475960731506348
NPTLQO2,0.3977600634098053,0.8866591453552246
MC3CODBPAN,0.4825063943862915,0.5122045874595642
C111OOH,0.13796018064022064,0.012545028701424599
NDNOXYLOOH,0.7398270964622498,0.9337771534919739
OXYQOH,0.8336683511734009,0.7382528781890869
HO3C5CHO,0.33065900206565857,0.49570348858833313
INB1NBCHO,0.4416465759277344,0.5489139556884766
MALANHYO2,0.35159891843795776,0.7289079427719116
C104OOH,0.12610022723674774,0.33428192138671875
C510O,0.5712724328041077,0.7573249936103821
PECOOH,0.18923771381378174,0.18515531718730927
MEKCO2,0.15321999788284302,0.29100582003593445
C97O,0.8987354636192322,0.5868306756019592
C93O2,0.1398528665304184,0.2585054337978363
H3C25CCO3H,0.8181139230728149,0.5064136385917664
HO1C4NO3,0.17587615549564362,0.5304955244064331
C5COCHOOOH,0.5550469160079956,0.22449861466884613
OXYLNO3,0.2767798900604248,0.7975326776504517
C717O2,0.8550204634666443,0.39669549465179443
C95O2,0.20430706441402435,0.4262409508228302
C719O2,0.9906133413314819,0.3627651631832123
CH3CHOHCHO,0.380138099193573,0.4413759112358093
HO13C4NO3,0.22909018397331238,0.515195906162262
C47CO3,0.6300387382507324,0.6916235685348511
APINBCO,0.9698525071144104,0.630914032459259
EPXM2DCO2H,0.36441555619239807,0.784527599811554
PXYFUOH,0.047902122139930725,0.6583882570266724
INDOH,0.6803200840950012,0.5809269547462463
PHCOOH,0.1402694433927536,0.834782063961029
C93O,0.1656431257724762,0.31026339530944824
IEB4CHO,0.650765597820282,0.6835893392562866
MMALNHYOOH,0.7441903352737427,0.7787942290306091
NC4H9O2,0.22065936028957367,0.34157776832580566
OXYBIPERO,0.5728952288627625,0.7218303680419922
PXYFUO2,0.05856851860880852,0.6545931100845337
C719OH,1.0,0.37048274278640747
HC4CCHO,0.5471310019493103,0.5628299117088318
C717OH,0.8420432806015015,0.4124690592288971
C91O2,0.12189421057701111,0.11311013251543045
NC524OH,0.23954471945762634,0.5687131881713867
C105OOH,0.16708295047283173,0.46271824836730957
HO5CO8C10,0.16331817209720612,0.11672983318567276
C93OH,0.15032678842544556,0.3020159900188446
CY6DIONOH,0.34369564056396484,0.5450988411903381
C6COOHCO3H,0.38278478384017944,0.5845555663108826
C6CO4DB,0.3478102385997772,0.5746408104896545
C52OH1OOH,0.34286025166511536,0.3739849328994751
HO3C96NO3,0.1017967090010643,0.15861520171165466
MALANHY2OH,0.33489468693733215,0.7072002291679382
GAOO,0.6285706758499146,0.5485725998878479
NC41OO,0.24832747876644135,0.628110945224762
BUT2OLNO3,0.43735337257385254,0.09749637544155121
ACCOMEPAN,0.34549480676651,0.5673196911811829
C57O2,0.47440266609191895,0.5639127492904663
HOHOC4DIAL,0.3863016664981842,0.5984287858009338
HO3C4NO3,0.5131900906562805,0.16949938237667084
CY6TRIONO2,0.6213406920433044,0.24547043442726135
C4COMOH3O2,0.5473747849464417,0.10270358622074127
C51O2,0.673036515712738,0.18827897310256958
IECPAN,0.37032389640808105,0.5868967771530151
HIEB1O,0.607822835445404,0.5408933162689209
INB1HPCO3H,0.4200785756111145,0.7168229222297668
C107OOH,0.9771444201469421,0.4613054394721985
C51OH,0.6924042701721191,0.1786113977432251
C4COMOH3OH,0.5652878880500793,0.15551060438156128
NC61CO3,0.24877747893333435,0.5812358260154724
DNOXYOLOOH,0.7375571727752686,0.9356492161750793
OCCOHCO,0.5670903325080872,0.3735533654689789
C124O,0.07872192561626434,0.32034993171691895
INB1HPPAN,0.39916715025901794,0.6185077428817749
HO2C3CO3H,0.6823458671569824,0.13235411047935486
C57OH,0.5666794776916504,0.5796480178833008
BZEMUCOOH,0.5155195593833923,0.8038609027862549
MMALNBPAN,0.6942834854125977,0.7070847153663635
MNNCATECO,0.4500712454319,0.9695133566856384
C47CO3H,0.5885800123214722,0.758182168006897
CY6DIONO2,0.20186534523963928,0.5864598751068115
INAHPCO2H,0.2508705258369446,0.6347161531448364
HO3C5NO3,0.20921023190021515,0.27172502875328064
CHOC2CO2H,0.027938975021243095,0.5535011887550354
MEKCO,0.4957162141799927,0.2573496103286743
PHENOOH,0.5094848275184631,0.8711076378822327
OXYMUCO,0.5261906981468201,0.7668172717094421
C5124COCO3,0.15218952298164368,0.5948452949523926
COHM2CO3,0.5679083466529846,0.7709879279136658
C4NO3PAN,0.3488462567329407,0.48330020904541016
C4DBM2CO3H,0.6946470141410828,0.42966756224632263
C531CO,0.3719092905521393,0.5253064036369324
IPROPOLPAN,0.374233216047287,0.4603636860847473
HYETHO2H,0.6150158643722534,0.5264797806739807
NAPINBOOH,0.9797764420509338,0.5965662598609924
C514NO3,0.8080897331237793,0.4595670998096466
C52NO31O2,0.5651347041130066,0.18317709863185883
NC4H10,0.2221192717552185,0.3327213227748871
A2PANOO,0.764680027961731,0.6375964879989624
C717OOH,0.8441247344017029,0.41233208775520325
ISOP34O,0.5423683524131775,0.34596580266952515
NBUTOLANO3,0.48603466153144836,0.1811351776123047
HMACR,0.5582500100135803,0.31574928760528564
C5PAN19,0.39853668212890625,0.5404993295669556
HOPINONIC,0.8850687742233276,0.5264170169830322
C5PAN18,0.40854477882385254,0.5886586308479309
HC4ACO3,0.4496828615665436,0.5690218210220337
C523OH,0.28320255875587463,0.12103793770074844
C920O2,0.8813725709915161,0.5203133225440979
C527O2,0.4078802168369293,0.5798951983451843
MCATECOOA,0.42603376507759094,0.9458389282226562
PTLQOH,0.34137365221977234,0.8599934577941895
COHM2PAN,0.5794937014579773,0.7788909673690796
CO3C4CO2H,0.09474199265241623,0.30028530955314636
C98O,0.8338199853897095,0.3019561171531677
C5CO14O2,0.47617092728614807,0.7747606039047241
BZFUCO,0.38554859161376953,0.8255914449691772
C43NO34O,0.5248141288757324,0.27772921323776245
C6COALCO2H,0.06110337749123573,0.5489075183868408
C719OOH,0.9996568560600281,0.3719129264354706
CO3C5CO2H,0.09027627855539322,0.2348490208387375
C5CO14OH,0.45858511328697205,0.6084910035133362
C5PAN17,0.38847294449806213,0.5518696308135986
C5PAN16,0.3305211067199707,0.49928587675094604
INB1NBCO3,0.6998409032821655,0.540995180606842
HO3C5CO3,0.21460239589214325,0.2709815502166748
TLBIPERO2,0.5220381617546082,0.8369743824005127
HO3C3PAN,0.35625019669532776,0.48069044947624207
HO12CO3C4,0.663126528263092,0.49150434136390686
C31PAN,0.368561714887619,0.5484859347343445
OXYMUCOOH,0.3886682987213135,0.7561851143836975
H13CO2CO3,0.24566633999347687,0.5468161702156067
CO24C53O,0.6736316084861755,0.4798281192779541
C5HPALD2,0.4854290783405304,0.6264040470123291
C5HPALD1,0.5267142653465271,0.557709276676178
NC71O2,0.8775513172149658,0.37579646706581116
C84OOH,0.1376572698354721,0.19455774128437042
NC4H9NO3,0.2507798373699188,0.3561667799949646
C113OH,0.03159559518098831,0.29746386408805847
NC102O2,0.8936784863471985,0.34367263317108154
C113O2,0.04293345287442207,0.25173431634902954
C43OHCOCHO,0.35105037689208984,0.5035241842269897
C4OHCO3,0.28866949677467346,0.36790403723716736
HPC52OOH,0.41452455520629883,0.5575768947601318
MCOCOMOXO2,0.04974207654595375,0.637317419052124
C111O2,0.1349925696849823,0.038768693804740906
MEKCOOH,0.49106451869010925,0.2692814767360687
NAPINAOOH,0.9797855019569397,0.6402386426925659
C101O,0.258388876914978,0.010671179741621017
MALDALCO2H,0.4009450078010559,0.6478884220123291
PPGAOOB,0.42551490664482117,0.6895572543144226
C45NO3,0.4727397859096527,0.3876129984855652
MALNHYOHCO,0.3605622947216034,0.6228044629096985
NPXYFUOOH,0.06714183837175369,0.6485298275947571
MECOACETO2,0.23943445086479187,0.7046724557876587
CO35C5CHO,0.3410021960735321,0.4885050356388092
C72OH,0.24975986778736115,0.22745509445667267
BUT2OLO2,0.43196675181388855,0.10284390300512314
MVKO,0.551093578338623,0.32348376512527466
HPC52PAN,0.40227702260017395,0.5302706360816956
HO2C3CO2H,0.6793543100357056,0.13051699101924896
HCOCH2OOH,0.4911578595638275,0.5013148784637451
MCOCOMOOOH,0.6058909296989441,0.35092878341674805
CO3C4NO3O,0.3840339779853821,0.18362143635749817
C720OOH,0.9717796444892883,0.3378666341304779
C58O2,0.6338323354721069,0.7184142470359802
NBZFUONE,0.38636159896850586,0.8366895318031311
H1C23C4CO3,0.37324872612953186,0.40126416087150574
C58OH,0.6421962976455688,0.7519940137863159
HO1C4OOH,0.1752268671989441,0.5285046696662903
HO2C3CHO,0.33028528094291687,0.4708961248397827
HO4CO7C9,0.13452792167663574,0.15679220855236053
C43NO34OOH,0.5174232721328735,0.20757664740085602
EPXM2DCO3H,0.36293190717697144,0.7848402857780457
BUT2OLOH,0.436699241399765,0.09945600479841232
C72O2,0.23633383214473724,0.2024892121553421
C810OH,0.8926699161529541,0.28440117835998535
NC4CO3H,0.410962849855423,0.5901212692260742
HO3C106O2,0.17165443301200867,0.07128754258155823
OXYMUCPAN,0.39518624544143677,0.6028317809104919
PE1ENEAO,0.5403729677200317,0.2824108600616455
C5COOHCO3H,0.35316237807273865,0.5766481161117554
CH3OH,0.585587739944458,0.31401318311691284
INDHCO3,0.6893476843833923,0.5495653748512268
NC51O2,0.6396902799606323,0.2505320608615875
C722OOH,0.857999324798584,0.2641740143299103
C23O3CCHO,0.3093268871307373,0.5672140717506409
INDHPCHO,0.6267403364181519,0.569510817527771
INB1NAPAN,0.39684927463531494,0.6187665462493896
OXYFUO2,0.8027567267417908,0.5944927930831909
TMB1FUOH,0.04951034486293793,0.75185227394104
C721OOH,0.15389156341552734,0.6577141880989075
INCNPAN,0.59361732006073,0.9388341903686523
C615CO2O2,0.30947914719581604,0.6908218264579773
C4CO2O2,0.7572281956672668,0.4636465907096863
PTLQO2,0.3550795614719391,0.8662217259407043
C525O,0.640326201915741,0.2166265845298767
C615CO2OH,0.3546614348888397,0.6088072061538696
HO3C4CHO,0.31647902727127075,0.4503575265407562
NISOPO2,0.5479531288146973,0.6712228655815125
NBUTOLAOOH,0.47504398226737976,0.17791400849819183
OXYFUOH,0.809651255607605,0.5778264999389648
C413COOOH,0.6699818968772888,0.28766492009162903
NC10H22,0.18904973566532135,0.019628554582595825
CH3O2,0.6318880915641785,0.34866440296173096
HOC6H4NO2,0.1629553735256195,0.8912678956985474
C4CO2DBCO3,0.35460832715034485,0.5630017518997192
DIEKAO2,0.2533141076564789,0.14447568356990814
HIEB2O,0.5643528699874878,0.7617642283439636
DECOOH,0.1864565908908844,0.04067109897732735
C51O,0.5632879137992859,0.2793803811073303
C6COALCO3H,0.06225302815437317,0.5502747297286987
PROPALO,0.3768727779388428,0.45619964599609375
C4COMEOH,0.5830444097518921,0.17852191627025604
MNCATECH,0.46181485056877136,0.9927505254745483
MNCATECO,0.4548484981060028,0.9693906307220459
INB1OH,0.6829665899276733,0.7130504250526428
NBZQOOH,0.19876499474048615,0.7691879868507385
MACO3,0.5372621417045593,0.42079615592956543
MEKANO3,0.4277651906013489,0.28407934308052063
PRONO3BO2,0.4214005768299103,0.3554438650608063
ME3BU3ECHO,0.45570942759513855,0.3963247239589691
C59OOH,0.6090598106384277,0.469570130109787
PEAOH,0.12397748976945877,0.41627609729766846
EPXM2DLPAN,0.3478282392024994,0.7785256505012512
MEKBO,0.39760762453079224,0.21067741513252258
PEAO2,0.10293329507112503,0.38651564717292786
MPRKAOOH,0.4245927631855011,0.2480485886335373
UDECOOH,0.12216907739639282,0.052103497087955475
C57NO3PAN,0.718644380569458,0.7013635635375977
CHOC2CO3,0.0399097315967083,0.5514452457427979
INB1O2,0.7052592039108276,0.5911275744438171
HO1CO34C5,0.6756356954574585,0.4172736704349518
HO3C106O,0.1678696572780609,0.0831601470708847
OXNNCATOOH,0.783074140548706,0.8733144998550415
NMGLYOX,0.4476977288722992,0.45044106245040894
CO2C3CO3,0.4415208697319031,0.28644809126853943
CO25C73OOH,0.3279202878475189,0.28340545296669006
CH2CHCH2NO3,0.5364646911621094,0.45751118659973145
DNCRESO2,0.2975819408893585,0.9381473064422607
INB1NBPAN,0.42326492071151733,0.5404780507087708
HO5C6O,0.5250293016433716,0.3166731894016266
HO2CO35C7,0.2890368402004242,0.22222690284252167
PECO2,0.1902332901954651,0.19388660788536072
C527NO3,0.3886871635913849,0.569092333316803
MNNCATCOOH,0.4576614201068878,0.9925907850265503
HO13C4OH,0.2298368215560913,0.5136076211929321
MVKOOH,0.5488658547401428,0.3258137106895447
HO13C4O2,0.22815673053264618,0.4930296242237091
HEPTNO3,0.20631223917007446,0.0487956777215004
C81O2,0.32708990573883057,0.11778229475021362
CO23C54OOH,0.34004876017570496,0.3285098373889923
C3NO3COO2,0.6536039113998413,0.26236146688461304
DNCRES,0.2759718596935272,0.9241058826446533
C615CO2OOH,0.3549530506134033,0.6136887073516846
PECOH,0.19587863981723785,0.18954886496067047
TLEPOXMUC,0.46643853187561035,0.5547871589660645
PRNO3CO3,0.3580878674983978,0.19698461890220642
MNCATECO2,0.46442779898643494,0.9931312203407288
NC3H7O2,0.2715613543987274,0.30958250164985657
CO3C4CO3H,0.09207766503095627,0.30020594596862793
C58ANO3,0.5833832025527954,0.7299458384513855
PERPINONIC,0.9316283464431763,0.6437489986419678
C812O,0.8063862323760986,0.17028017342090607
NCATECOOH,0.35188496112823486,0.9766421914100647
NBUTOLBO2,0.40717288851737976,0.22811561822891235
MMALNACO2H,0.5526852011680603,0.6622840166091919
C3MDIALO2,0.49553197622299194,0.6407730579376221
HO3C116O2,0.11046504974365234,0.07169794291257858
PROPOLNO3,0.5931402444839478,0.5036178827285767
CHOCOCH2O,0.5455124974250793,0.3108460307121277
C621O2,0.7758620977401733,0.2451525777578354
C108O2,0.9015300273895264,0.37584352493286133
CO23C5,0.2613478899002075,0.14033985137939453
HO5C5CHO,0.3073562681674957,0.4941234588623047
OCT3ONE,0.1586942970752716,0.11592765897512436
C8PAN1,0.424837589263916,0.4399416446685791
MVKOHBO,0.6080250144004822,0.4720812439918518
HCOCOHPAN,0.44186627864837646,0.637155294418335
C83O2,0.20256157219409943,0.39577606320381165
C6COCHOOOH,0.10291113704442978,0.5588677525520325
PRNO3CO2H,0.34990426898002625,0.1961146891117096
C108OH,0.8918797969818115,0.35774749517440796
OXYQONE,0.7987962365150452,0.7673513889312744
BZBIPER2OH,0.5576245188713074,0.8450884819030762
C5124COO2,0.5593093633651733,0.22611890733242035
HO2C5NO3,0.2412738800048828,0.4856468439102173
MMALNAPAN,0.45170357823371887,0.7153216600418091
C511O2,0.7963272333145142,0.3545707166194916
C45O2,0.4521554708480835,0.3692452311515808
HMPAN,0.3824552893638611,0.5238758325576782
INAHPPAN,0.3249562680721283,0.5830431580543518
ISOPBO,0.5837714076042175,0.33385491371154785
C6OTKETCO,0.49179378151893616,0.5074201822280884
INDO,0.6006162166595459,0.4291430115699768
MALANHY,0.4118250608444214,0.7711557149887085
HO1CO3CHO,0.386377215385437,0.4771098792552948
ETHENO3O,0.5419185161590576,0.33206626772880554
VINOH,0.6127834320068359,0.5366310477256775
NC3OO,0.5246610045433044,0.6658841371536255
HO1C3O,0.16104047000408173,0.5007972121238708
CHOCOHCO,0.46100980043411255,0.5388864874839783
HO3C76O,0.24157050251960754,0.061288926750421524
SC4H9NO3,0.43623217940330505,0.11173743009567261
HO6C7OOH,0.491504430770874,0.07338292896747589
C6O4KETOOH,0.568041205406189,0.4307291805744171
C535OOH,0.418816477060318,0.5814159512519836
DHPMPAL,0.49439212679862976,0.496148943901062
CO235C6CO3,0.8503192067146301,0.43081343173980713
C5CO2DCO3H,0.6874101161956787,0.4384170174598694
C57AO,0.6121952533721924,0.5769524574279785
NTLFUO2,0.2612037658691406,0.7520189881324768
NTMB1FUO,0.0701541155576706,0.7434730529785156
C5COCHOO,0.5494459867477417,0.3046967387199402
TLBIPER2OH,0.5475820899009705,0.8359892964363098
ISOPAOOH,0.583437979221344,0.6679061055183411
C102O2,0.3346802592277527,0.05013580620288849
HYPERACET,0.614303708076477,0.3942456841468811
NBZFUOOH,0.3988390862941742,0.8374415040016174
INB1NACO3H,0.41740667819976807,0.7164467573165894
IEACO3H,0.6981244683265686,0.519219160079956
HO2CO3C4O,0.5571262240409851,0.2979642152786255
C72NO3,0.252117395401001,0.22545818984508514
C123CO,0.04346492514014244,0.3008441925048828
MEKAO,0.42743968963623047,0.29008904099464417
C109OOH,0.5809523463249207,0.30988022685050964
HO2C4O2,0.23339557647705078,0.44051554799079895
VGLYOX,0.3917014002799988,0.5132277607917786
C6H5O2,0.15176868438720703,0.8314712047576904
CRESO,0.5497003197669983,0.8084326386451721
INCCO,0.6811753511428833,0.6157813668251038
C5COCHOO2,0.07510725408792496,0.5485287308692932
CISOPCO,0.6241210103034973,0.6516348123550415
PEBNO3,0.7240291237831116,0.09364132583141327
ISOPDOOH,0.641559362411499,0.36622679233551025
C537O2,0.42757657170295715,0.5433298349380493
PE1ENEBO,0.5121455192565918,0.3121454417705536
HO2C4OH,0.4055292010307312,0.25140610337257385
ALCOCH2OOH,0.5421805381774902,0.24018339812755585
C531O2,0.5719943642616272,0.23763510584831238
C74O,0.3712191581726074,0.44927874207496643
IC3H7O2,0.8247871994972229,0.2974421977996826
CHOC2H4O,0.04277981072664261,0.5586843490600586
CO25C74O2,0.22141216695308685,0.1327609121799469
C920OOH,0.8906528949737549,0.5208609700202942
INAOOH,0.26597195863723755,0.6376722455024719
CO2N3CHO,0.6660076379776001,0.5533725023269653
C107OH,0.9763065576553345,0.4598934054374695
NDNPHENO,0.34592992067337036,0.6075330972671509
NAPINAO,0.9574683308601379,0.6368713974952698
C812O2,0.8109859228134155,0.15215188264846802
MC6CO2OH,0.46795645356178284,0.5276696085929871
C103OH,0.08431749045848846,0.34544867277145386
C813O,0.819193959236145,0.2658807933330536
C114O,0.09858721494674683,0.3315267860889435
HOCH2COCHO,0.44296854734420776,0.494983434677124
C535O2,0.47580087184906006,0.6672816872596741
CH3COCH3,0.8270252346992493,0.32115328311920166
OXYOLOOH,0.6601080298423767,0.8474074602127075
C96CO3,0.9441834688186646,0.6298595666885376
MC6CO2O2,0.33129003643989563,0.7555022835731506
CO2C3OO,0.448475182056427,0.3082193434238434
C103O2,0.08512548357248306,0.2671450972557068
ACRPAN,0.44391006231307983,0.5309834480285645
C4H9CO3,0.15857362747192383,0.3702941834926605
MACRNB,0.5900148749351501,0.9250832200050354
C812OH,0.8091645836830139,0.15863320231437683
NC51O,0.554210901260376,0.28847748041152954
C105O2,0.14453831315040588,0.4373708665370941
C107O2,0.9811080694198608,0.4818985164165497
HOC4H8OH,0.18022377789020538,0.5289194583892822
MC5DICARB,0.5825836062431335,0.7536823153495789
HO1C6OOH,0.18361739814281464,0.1729862242937088
INANCOCO2H,0.6955475807189941,0.3585782051086426
C6CYTONO2,0.16796043515205383,0.5978038311004639
CO235C6O,0.5852372050285339,0.2992159426212311
OXYQOOH,0.8332014083862305,0.7356934547424316
PRONO3AO,0.48986223340034485,0.2560429871082306
HO3C86OOH,0.14189346134662628,0.1432182788848877
PRNO3PAN,0.37188223004341125,0.45942196249961853
C6O4KETO,0.5227280259132385,0.4318312704563141
TLOBIPEROH,0.5563091039657593,0.7956565618515015
NC4MDCO2,0.7334364652633667,0.8577458262443542
CHOC2H4OOH,0.03072492778301239,0.5577950477600098
IPRHOCO3,0.8461278676986694,0.3116745054721832
C4CO2DBPAN,0.3620891869068146,0.557922899723053
HEPTO,0.2432854324579239,0.016402026638388634
C5DICAROOH,0.4964393377304077,0.7136533856391907
C5NO3OAOOH,0.6237497329711914,0.10171978920698166
PERPROACID,0.18270786106586456,0.12671349942684174
C24O3CCO2H,0.22698821127414703,0.7110249400138855
HO3C96O,0.09921503067016602,0.15675516426563263
INB2OOH,0.6676271557807922,0.7397041916847229
CH3O2NO2,0.7207618951797485,0.3175751268863678
C83O,0.31690606474876404,0.4590393006801605
HMACO3H,0.46659550070762634,0.43605318665504456
C103O,0.11184952408075333,0.3415864109992981
DIEKBO,0.09992333501577377,0.23690879344940186
MVKOHAO,0.5397908687591553,0.33885303139686584
H1CO23CHO,0.41046667098999023,0.4930313527584076
INB1HPCHO,0.5734556317329407,0.7364888787269592
DIEKAOH,0.26144009828567505,0.14753782749176025
C66NO35OH,0.21974816918373108,0.42330244183540344
CO2N3PAN,0.6477553844451904,0.6388946175575256
H1C23C4O2,0.39160647988319397,0.38762614130973816
C2H5CHOOA,0.3609187602996826,0.47528496384620667
HCOCH2CO3,0.41046714782714844,0.3738437592983246
C82NO3,0.13630451261997223,0.26360970735549927
HEXAOH,0.02035106159746647,0.38517141342163086
MC5COOHOOH,0.6940027475357056,0.46369174122810364
HCOCH2O2,0.5901578068733215,0.6113499402999878
DM123O2,0.6925164461135864,0.9278086423873901
MMALNACO3H,0.5666409134864807,0.63301682472229
ACLOO,0.5988984704017639,0.5275624394416809
HEXAO2,0.019034961238503456,0.3484291434288025
PE1ENEBNO3,0.32391464710235596,0.38753217458724976
C535O,0.5700604915618896,0.6204771995544434
APINBNO3,0.9800575375556946,0.6313422918319702
HCOOH,0.6047718524932861,0.4575406610965729
C58NO3PAN,0.45464223623275757,0.7420335412025452
BZFUONE,0.4513949751853943,0.8206628561019897
ETHENO3O2,0.4725210666656494,0.37672358751296997
C52NO31CO,0.3360339105129242,0.37151941657066345
M3FOOA,0.6565549373626709,0.668144702911377
C3DIALOOH,0.4402907192707062,0.6441817879676819
MACRNO3,0.4242308437824249,0.6532644629478455
C92OOH,0.3324336111545563,0.131077840924263
CATECHOL,0.38787367939949036,0.9677513241767883
HO3C126O,0.06199244409799576,0.1569405198097229
C4M2AL2OH,0.4264078736305237,0.5873522162437439
C810NO3,0.857162594795227,0.3158104121685028
HO8C9CO3H,0.269894003868103,0.17330607771873474
BU1ENO3O,0.5286023020744324,0.2649180591106415
NCRES1OOH,0.26624372601509094,0.9252700805664062
HOCH2CO3,0.594645082950592,0.3345412611961365
C6OTKETOOH,0.7551231980323792,0.5777846574783325
CH2OOG,0.408277302980423,0.5023922324180603
CH2OOE,0.3975764214992523,0.5182507634162903
MEKAO2,0.4133142828941345,0.24813233315944672
CH2OOC,0.41137033700942993,0.48718345165252686
CH2OOB,0.4448908865451813,0.47235816717147827
CH2OOA,0.3902919590473175,0.5064619779586792
CH3O,0.5906190872192383,0.31063708662986755
NISOPNO3,0.5123403072357178,0.6923376321792603
C7CO4DB,0.45823654532432556,0.5114471316337585
HO3CO46C8,0.15648017823696136,0.26615506410598755
CO23C4CO3H,0.730117678642273,0.2963907718658447
C63OOH,0.545147716999054,0.11432771384716034
MACRNOO,0.4219404458999634,0.7089681029319763
H3C25C6CO3,0.8196066617965698,0.50350022315979
CH3OOH,0.5895766019821167,0.31315717101097107
APINCNO3,0.8995046019554138,0.32561448216438293
BUT2OLO,0.41131868958473206,0.17820526659488678
C511OOH,0.7590768933296204,0.40366044640541077
MC4CODBCO2,0.4389345943927765,0.5805822014808655
MC4CODBCO3,0.49005722999572754,0.7582711577415466
BZEMUCCO2H,0.32455265522003174,0.7183696031570435
CO23C4CHO,0.45937982201576233,0.4753957688808441
OCTO,0.13406556844711304,0.08909384161233902
NPTLQOOH,0.39168936014175415,0.8871581554412842
NOXYQO2,0.8176569938659668,0.7661502957344055
HO7C8O,0.5446715950965881,0.29151278734207153
INDHPCO3,0.6889268755912781,0.5438316464424133
C97OH,0.9005544781684875,0.609507143497467
HMVKNO3,0.43638354539871216,0.5300896167755127
MVKOHAOH,0.5944972038269043,0.4669029712677002
OCCOHCOOH,0.7503737211227417,0.6655198931694031
BUTACID,0.24716699123382568,0.31582894921302795
PHENOH,0.5075416564941406,0.8708706498146057
PHENOL,0.45895951986312866,0.9060670137405396
MVKOHAOOH,0.47142210602760315,0.4009658992290497
C6OTKETOH,0.7662925124168396,0.5774955749511719
PHENO2,0.4980069398880005,0.8814103007316589
INB1NACO2H,0.41626039147377014,0.7180835008621216
CO2H3CHO,0.495211124420166,0.6008943915367126
IEAPAN,0.40247148275375366,0.5419906377792358
C94O2,0.12403585761785507,0.2923350930213928
C97O2,0.9019092321395874,0.6248129606246948
MVKOHAO2,0.49288779497146606,0.4104372262954712
INANCOPAN,0.7168452739715576,0.3653680086135864
INB1NO3,0.6958950161933899,0.6183725595474243
HO7C8CO3H,0.3999718725681305,0.01569950208067894
INAO,0.5885745882987976,0.4966071546077728
C4MCO2O,0.5024330019950867,0.5504825711250305
ISOPDO,0.5580464601516724,0.34125950932502747
C94OOH,0.1409948170185089,0.3181736469268799
CH3COCO3,0.6838985085487366,0.43120402097702026
APINCOH,0.9358993172645569,0.33948197960853577
MGLYOO,0.5794093012809753,0.6061633825302124
C810O,0.8648900985717773,0.3081146776676178
CO3C75O,0.27261364459991455,0.05244629457592964
H3C25C6O,0.5858591794967651,0.32465383410453796
IEACO3,0.57100510597229,0.5357742309570312
C82O,0.14867477118968964,0.27387306094169617
NOXYOL1O2,0.7181680798530579,0.947597861289978
DNC524CO,0.3463170826435089,0.5507883429527283
DIEKAO,0.2509566843509674,0.15044289827346802
DDEC3ONE,0.10663200914859772,0.11308043450117111
PE2ENEBO,0.3294101655483246,0.19045639038085938
C104O,0.12848395109176636,0.3307968080043793
HOCH2CH2O2,0.39220643043518066,0.28830477595329285
UDEC3ONE,0.14478087425231934,0.08713803440332413
OXYQCO,0.8298704028129578,0.7249377965927124
HO13C5NO3,0.4705043137073517,0.041336968541145325
EPXM2DLCO3,0.3533453345298767,0.7688919901847839
BUTALNO3,0.4055885076522827,0.2915298044681549
BZEMUCCO3,0.3328128159046173,0.711177408695221
C23O3CHO,0.4388316571712494,0.4961260259151459
NAPINBO,0.9627548456192017,0.6006373167037964
APINCO2,0.9520236253738403,0.3710436224937439
INB1CO,0.612855851650238,0.48326820135116577
HO7C8O2,0.38739070296287537,0.028279345482587814
HO1C5NO3,0.641329288482666,0.05502266809344292
HMAC,0.4717453718185425,0.6004286408424377
MGLYOX,0.5466914772987366,0.5887697339057922
C124OOH,0.07238622009754181,0.3224961757659912
C106NO3,0.8560249209403992,0.34555307030677795
CO3C85O2,0.1852388083934784,0.09365792572498322
DIEKBNO3,0.10832678526639938,0.2764491140842438
HO1CO3C5,0.14552199840545654,0.20779366791248322
MACROHO2,0.5301573872566223,0.4513092637062073
C534O,0.6013123393058777,0.7603680491447449
HMGLYOOA,0.40121251344680786,0.49443668127059937
BZFUOOH,0.39307254552841187,0.8352438807487488
INANCOCO3H,0.6912257671356201,0.35412076115608215
NOXYQOOH,0.8228940963745117,0.7666144967079163
MALDIALOOH,0.3912099301815033,0.6056971549987793
C57AOOH,0.4077666401863098,0.5497481226921082
ETHOHNO3,0.6054548621177673,0.517094612121582
HO8C9O,0.3191586136817932,0.19335947930812836
HIEB1OOH,0.39840179681777954,0.5625171065330505
C93CO,0.17564386129379272,0.31885936856269836
APINAOOH,0.9741752743721008,0.6330344080924988
CO2N3CO3H,0.594386100769043,0.6156601905822754
C96NO3,0.8907469511032104,0.6509497761726379
CO25C7,0.2264590710401535,0.16162320971488953
MACROHOOH,0.41669657826423645,0.5313711166381836
C4CHOBNO3,0.1199999749660492,0.32719308137893677
MECOACEOOH,0.6648758053779602,0.3313780426979065
C5DBCOCO2H,0.6884745955467224,0.47916966676712036
C5OH2CO4O,0.6950641870498657,0.17776958644390106
C57OOH,0.4284062683582306,0.5551748871803284
HO3C4O2,0.4974702298641205,0.16443051397800446
BZEPOXMUC,0.38851305842399597,0.6435345411300659
INB1HPCO3,0.434541255235672,0.7253469824790955
C3DIALO2,0.4742380976676941,0.7649957537651062
DDECNO3,0.06463108211755753,0.1009141132235527
C525O2,0.627051830291748,0.21794192492961884
HCOCOHCO3,0.5444946885108948,0.7727304100990295
HO1C6O2,0.17441868782043457,0.1785622388124466
C6CO2OHCO3,0.37850090861320496,0.6028531789779663
NISOPOOH,0.5145328044891357,0.6917352080345154
HO14CO2C4,0.4554348289966583,0.30354246497154236
HO14CO2C5,0.6637569069862366,0.19696851074695587
NONOOH,0.08018636703491211,0.11995069682598114
C57AO2,0.6402323246002197,0.5838667154312134
HO3C4OOH,0.516280472278595,0.17459841072559357
HO3C3CO3,0.29125291109085083,0.28912779688835144
C114OOH,0.09354431927204132,0.33303993940353394
C813OOH,0.8149727582931519,0.22070755064487457
HO8C9O2,0.25042974948883057,0.1590140461921692
IC3H7OOH,0.8440924882888794,0.30255866050720215
OXNCATCOOH,0.7805385589599609,0.87147456407547
NBUTOLBNO3,0.4312160313129425,0.23062458634376526
NTLFUO,0.2525104880332947,0.7233132719993591
C3H7CHOO,0.27680379152297974,0.3580267131328583
C98NO3,0.82745361328125,0.30374598503112793
INB2O2,0.6855778694152832,0.7066181302070618
C115OOH,0.08911293745040894,0.4776689112186432
C6O4KETO2,0.5723845362663269,0.4366222321987152
HOCH2CH2O,0.5527797937393188,0.34804171323776245
C42AOH,0.41565659642219543,0.5103102922439575
C51OOH,0.6708583831787109,0.19259099662303925
BZBIPERO,0.5471528768539429,0.79646897315979
HOC3H6OH,0.16742050647735596,0.5001013278961182
EPXC4DIAL,0.41093209385871887,0.6269193291664124
HO13CO4C5,0.676453173160553,0.4215257465839386
PINONIC,0.9307790994644165,0.645587682723999
C5TRONCO3H,0.131039559841156,0.5937344431877136
HMACO2H,0.5774466395378113,0.2992829382419586
C6OTKETO2,0.7712125778198242,0.5795682668685913
MEKBOOH,0.3995039165019989,0.21541354060173035
C2OHOCO2H,0.774260401725769,0.6443895697593689
C85OOH,0.2770165205001831,0.6666672825813293
ISOPBOH,0.6292420625686646,0.31755807995796204
ACCOMECO3H,0.22397573292255402,0.7095640897750854
C115O2,0.07881241291761398,0.45168566703796387
C811CO3H,0.15396539866924286,0.6735925674438477
CATEC1OOH,0.3696608245372772,0.9926137924194336
ISOPDOH,0.6306763887405396,0.36532312631607056
ISOPBOOH,0.6338503360748291,0.34433698654174805
NO3CH2CO3H,0.5673947334289551,0.31350570917129517
NDNCRESO,0.38097092509269714,0.6233484745025635
M3BU3ECO3H,0.44051188230514526,0.36563640832901
C112O,0.35717833042144775,0.1488589644432068
NCRES1O2,0.2662433981895447,0.9252678155899048
HPC52O2,0.4981246590614319,0.6905932426452637
CISOPAO,0.6328309774398804,0.6187858581542969
ISOPDO2,0.5772331357002258,0.35211652517318726
NOXYFUOOH,0.8056875467300415,0.573211669921875
C514CO23OH,0.41836750507354736,0.592623233795166
C74O2,0.2658885717391968,0.25201570987701416
C47PAN,0.3906789720058441,0.5579743981361389
ISOPBO2,0.586464524269104,0.33891674876213074
OXYLOOH,0.2750108540058136,0.7962631583213806
C6COCHOO2,0.11511293053627014,0.5560352802276611
HMACRO,0.3690478503704071,0.5316417813301086
INAHCO2H,0.24690702557563782,0.6340541839599609
OXCATECOOA,0.7195018529891968,0.876213788986206
HMVKAOOH,0.7222941517829895,0.5985122323036194
MEKAOH,0.43666699528694153,0.26648712158203125
C5134CO2OH,0.41522717475891113,0.5884799361228943
NC4OOA,0.6648889780044556,0.3949931263923645
C533O2,0.5343963503837585,0.6314803957939148
OXYLPAN,0.348807692527771,0.5966410040855408
OXYOLOH,0.6612948179244995,0.8459173440933228
C123NO3,0.025653917342424393,0.27322205901145935
CO235C7,0.34261664748191833,0.2662731409072876
OCTNO3,0.14390571415424347,0.08191835135221481
CO346C8,0.13931499421596527,0.18070414662361145
C4OHPAN,0.3488522171974182,0.4876597225666046
NC524O,0.5571932792663574,0.3514997065067291
TOLUENE,0.45566990971565247,0.8809202909469604
HO3C76O2,0.28900864720344543,0.01743306778371334
C108NO3,0.8609093427658081,0.3488626182079315
C811O,0.15244215726852417,0.6709979176521301
NDNOXYOLO,0.7360275983810425,0.9070467948913574
NCATECO2,0.3558647334575653,0.9817699790000916
GLYOOB,0.46332088112831116,0.4573832154273987
GLYOOC,0.45945537090301514,0.6168428063392639
GLYOOA,0.4497739374637604,0.4761809706687927
HMVKBOOH,0.6500620245933533,0.5182523727416992
C81O,0.3428242802619934,0.17918209731578827
OXYOLO2,0.6700941324234009,0.8647342324256897
C51OH2CO,0.6096958518028259,0.17078490555286407
C105O,0.31810399889945984,0.50447016954422
C721CO3,0.1549564152956009,0.66233229637146
NC11H24,0.11407073587179184,0.0339619442820549
TLCOBIPEOH,0.5856148600578308,0.6315077543258667
CYHXONAO2,0.1908227652311325,0.5751674771308899
CO25C73O2,0.22976206243038177,0.20554064214229584
HYPROPO2,0.5881368517875671,0.48783430457115173
MVKO2,0.5124019384384155,0.3951694369316101
C4NO3CO3H,0.2818516492843628,0.3621884286403656
DM123OOH,0.6925169229507446,0.9278110265731812
DDECO2,0.059719160199165344,0.10590291768312454
HO3C106OOH,0.16972213983535767,0.08271202445030212
NAPINAO2,0.98286372423172,0.6178393363952637
C113CO,0.052712179720401764,0.3219587504863739
OXYMUCCO3H,0.31997013092041016,0.7694588303565979
C5NO3COAO,0.33920618891716003,0.40562787652015686
OXCATEC1O,0.756691575050354,0.8887833952903748
DDECOH,0.06601114571094513,0.10064418613910675
MVKOH,0.4814346134662628,0.44339698553085327
C89OOH,0.929929792881012,0.25484949350357056
MVKOO,0.5791621804237366,0.42403775453567505
HO6C7O,0.5354681015014648,0.28888896107673645
C721O2,0.1502489596605301,0.6638291478157043
C537O,0.5820966958999634,0.7590934634208679
C4DBM2CO3,0.6935203671455383,0.43294817209243774
NC51OOH,0.5994871854782104,0.23404662311077118
C5OHCO4OOH,0.6967509388923645,0.22560203075408936
CYHXONAOH,0.402187705039978,0.35314199328422546
HPC52CO3,0.5361053943634033,0.49954038858413696
NCRESOOH,0.5704379677772522,0.878221869468689
TLBIPEROOH,0.5302655100822449,0.8225257396697998
CH3COPAN,0.44671830534935,0.4553014039993286
CY6DIONO,0.20281191170215607,0.5911122560501099
CHOCOCH2O2,0.39968639612197876,0.3692264258861542
TLFUO,0.24775885045528412,0.7296327352523804
ACR,0.4951470196247101,0.4759649634361267
HOC2H4CO3,0.38329488039016724,0.28354132175445557
NON3ONE,0.13159403204917908,0.12642675638198853
MMALNHY2OH,0.7429593801498413,0.779504120349884
C2H5OOH,0.31596890091896057,0.18841588497161865
CH2CHCH2O2,0.5518185496330261,0.44267627596855164
CYHXONAOOH,0.18606705963611603,0.5787376761436462
HEPT3ONE,0.18527770042419434,0.10583608597517014
NBUTOLBO,0.3720013201236725,0.2211860865354538
C813NO3,0.6818802952766418,0.29245278239250183
C52NO31O,0.5282562375068665,0.2922068238258362
OXNNCATCO2,0.7785176634788513,0.878471314907074
HOC3H6CO3,0.14730089902877808,0.4877083897590637
C5DBCOCO3H,0.3907696008682251,0.716263473033905
NPHEN1O,0.16944144666194916,0.9034973978996277
C614OOH,0.7078110575675964,0.26240143179893494
HO25C7,0.23395347595214844,0.07250773906707764
HCOCH2CO3H,0.7148956060409546,0.701026201248169
MEK,0.42603975534439087,0.1812646985054016
CO13C4CHO,0.45071566104888916,0.5145017504692078
H1C23C4O,0.43744415044784546,0.42784038186073303
C85O2,0.27476373314857483,0.6732574701309204
HO2CO4CHO,0.3813362419605255,0.4790138304233551
BZOBIPEROH,0.5612760186195374,0.8016066551208496
NO3CH2CO2H,0.5645148158073425,0.32326003909111023
HPC52O,0.5705367922782898,0.752339780330658
HO3C116NO3,0.11308605968952179,0.0843045711517334
C6H13CO3,0.027465352788567543,0.3478378355503082
C51NO32O,0.5413863658905029,0.27591562271118164
C89O2,0.9219218492507935,0.2596762478351593
HOC3H6CHO,0.28640487790107727,0.534696102142334
INAHCO3H,0.24850770831108093,0.6355109810829163
CO24C53OOH,0.6721667647361755,0.4809168577194214
CO3C75OOH,0.25089403986930847,0.046665068715810776
C810O2,0.9038968086242676,0.27831217646598816
M3BU3EPAN,0.40638476610183716,0.48724648356437683
C4M2ALOHO,0.5884904265403748,0.6985279321670532
OCATEC1OOH,0.7633428573608398,0.8896651864051819
C89OH,0.9292097687721252,0.2537250816822052
MC52CO2OH,0.6961134076118469,0.4642654359340668
COC4NO3OOH,0.43744075298309326,0.1393781304359436
CYC613DION,0.30903878808021545,0.5490995049476624
MMALANHYO,0.7390186190605164,0.7682346105575562
CO13C3CO2H,0.7556205987930298,0.23878511786460876
MALDIALO2,0.45518651604652405,0.7791401743888855
CATEC1O2,0.36857888102531433,0.9931668639183044
C526OOH,0.49728479981422424,0.5629675388336182
NORPINIC,0.13975846767425537,0.6675674319267273
C6H13CO3H,0.0015890497015789151,0.35150620341300964
NC72O,0.8995658755302429,0.4714825451374054
CHOC2H4O2,0.04692719876766205,0.555680513381958
BUTALO2,0.3516501486301422,0.32116156816482544
CO3C4CO3,0.11631189286708832,0.30086174607276917
CO235C6OOH,0.661924421787262,0.2727695107460022
GAOOB,0.591888427734375,0.7317755222320557
BZEMUCO,0.5379980802536011,0.775716245174408
OXY1O,0.6951522827148438,0.9212532043457031
CO14O3CO2H,0.7121930122375488,0.7187070846557617
NC7H16,0.21556586027145386,0.021294811740517616
C106O,0.8596953749656677,0.3339778780937195
NOXYOLO,0.6008211970329285,0.800868570804596
CO24C4CHO,0.39522892236709595,0.48521265387535095
HO2CO4C5O,0.5688362121582031,0.284842312335968
HO2CO4C5O2,0.674832820892334,0.169081449508667
C73OOH,0.34751880168914795,0.21089033782482147
C5M2OHOPAN,0.6981849670410156,0.4438628852367401
NC101O2,0.9857919812202454,0.578461766242981
PEAOOH,0.11636915057897568,0.416778028011322
C125OOH,0.04820598289370537,0.47276628017425537
C4H9CHO,0.28704217076301575,0.4725063741207123
INAHCHO,0.31706172227859497,0.5895065069198608
IPROPOLO,0.49939417839050293,0.27021655440330505
C6H5CH2OOH,0.1555945724248886,0.7916223406791687
ISOPCOOH,0.6314607262611389,0.6118128299713135
TMB1FUO2,0.051853109151124954,0.7563747763633728
OXYMUCCO2H,0.3193460702896118,0.7679547071456909
C615CO2O,0.3576742708683014,0.6114115118980408
NPROPOL,0.26140308380126953,0.3143737018108368
INDOOH,0.6705838441848755,0.5386024713516235
C108O,0.8654910922050476,0.339734822511673
HO6C7CO3,0.3586574196815491,0.04799456521868706
C536O,0.5860093832015991,0.6092402935028076
C58OOH,0.6336914300918579,0.7283068895339966
C4MCO2O2,0.3792670965194702,0.7695416808128357
INB1GLYOX,0.4200890064239502,0.5404698848724365
HO13C3CO3,0.20930035412311554,0.5126786231994629
HO2C4OOH,0.241938054561615,0.4553249478340149
PROPACID,0.18465256690979004,0.1300574243068695
C4MCO2OH,0.5006248354911804,0.5427285432815552
CH3CHO,0.35432717204093933,0.24594828486442566
PINALO,0.9119049906730652,0.41100746393203735
HMML,0.646420955657959,0.469934344291687
OXYCATECH,0.7225099802017212,0.8925320506095886
C526O,0.6055931448936462,0.5771245956420898
PRONO3BO,0.4968169629573822,0.2896742522716522
C530NO3,0.5273356437683105,0.30912309885025024
INCOOH,0.6885309219360352,0.6170638799667358
HO5C6CO3H,0.2095417082309723,0.384940505027771
CO2C4DIAL,0.3634471297264099,0.5642417669296265
METACETHO,0.6917212605476379,0.4361841380596161
PINAL,0.4664181172847748,0.5639997720718384
C524NO3,0.6053423285484314,0.23999714851379395
C922OOH,0.8623146414756775,0.24672330915927887
INANCOCHO,0.7155641913414001,0.374960720539093
MC6CO2O,0.680871844291687,0.45233154296875
C516O2,0.7732330560684204,0.2278546690940857
PHXN,0.32116425037384033,0.5202341675758362
CO2C5OH,0.6816115975379944,0.40051358938217163
C6PAN2,0.31654971837997437,0.49426451325416565
C6PAN1,0.348429799079895,0.5128853917121887
HCOCH2CO2H,0.7158918380737305,0.69633948802948
NONO2,0.0716843232512474,0.11233911663293839
BUT2OL,0.434852659702301,0.10489457845687866
NNCATECO2,0.35790005326271057,0.9808334708213806
HO2C5OOH,0.23950904607772827,0.48264166712760925
C4NO3CO3,0.2880933880805969,0.36211493611335754
C33CO,0.369338721036911,0.5708909630775452
NONOH,0.08127650618553162,0.11361025273799896
MGLOOA,0.48814788460731506,0.4082846939563751
MGLOOB,0.4270608127117157,0.4655649662017822
NPXYFUO,0.07335639744997025,0.6444337964057922
MVK,0.5439544320106506,0.4344378709793091
SC4H9O2,0.41314712166786194,0.12165195494890213
ISOP34NO3,0.5574297308921814,0.34413716197013855
C4NO3CO2H,0.2824952006340027,0.3606589734554291
C5CO2DBPAN,0.3461700975894928,0.205865278840065
NC526OOH,0.48394402861595154,0.31501245498657227
MACRNBPAN,0.6012476086616516,0.8242130875587463
HOCH2CHO,0.5604705214500427,0.5264695286750793
DECO,0.18344436585903168,0.03292247653007507
C31CO3,0.37488967180252075,0.5452165007591248
C92O2,0.32076823711395264,0.1224450021982193
INAOH,0.26224446296691895,0.6314813494682312
H3C25C6PAN,0.3917349576950073,0.5381487011909485
ISOPCO2,0.6396132111549377,0.6202536821365356
C58O,0.6015694737434387,0.7385387420654297
C3DIOLO,0.5827564001083374,0.345264732837677
C3MCODBCO2,0.47463950514793396,0.587176501750946
OXYMUCO2,0.37717849016189575,0.7551144361495972
C123OH,0.02779284119606018,0.27270904183387756
C716O2,0.8468858599662781,0.4043337106704712
C91OOH,0.22526921331882477,0.09402250498533249
ISOPAO,0.6386412382125854,0.27703234553337097
C3MCODBCO3,0.6322234869003296,0.6856957674026489
UDECOH,0.12683123350143433,0.05038516968488693
OXYLCO2H,0.25797438621520996,0.8421630859375
INCOH,0.6960182785987854,0.6274250745773315
UDECO2,0.1214086264371872,0.048899345099925995
INCO2,0.6794495582580566,0.6234021782875061
C4CHO2O,0.3529365658760071,0.47693341970443726
C125O2,0.04266992211341858,0.4473458528518677
C716OH,0.4552343487739563,0.5297655463218689
HO13C4OOH,0.2299981266260147,0.5010898113250732
HO5C6O2,0.21327264606952667,0.3815653920173645
C4MCO2OOH,0.49931439757347107,0.5511845350265503
C6CO4M2DB,0.4760821461677551,0.5078231692314148
OXYMUCOH,0.3870408535003662,0.7547376155853271
C123O2,0.04077642410993576,0.23029638826847076
C121O2,0.06487985700368881,0.0920221358537674
C94OH,0.14288684725761414,0.3185350000858307
INAO2,0.5995381474494934,0.4154709577560425
INCNCO3,0.5956897139549255,0.9169007539749146
OXYL1OOH,0.26707130670547485,0.8454496264457703
C656OH,0.21626636385917664,0.37193846702575684
HO3C126OOH,0.06283248960971832,0.1554679125547409
NC4H9O,0.24560026824474335,0.3637418746948242
BZEMUCNO3,0.5527225732803345,0.7736903429031372
CH3CHOOA,0.4071260392665863,0.49276795983314514
ACRO2,0.47647005319595337,0.5262022614479065
BZFUO,0.38649260997772217,0.819770872592926
C5PAN9,0.398861825466156,0.5110180377960205
C5PAN8,0.36720627546310425,0.5129082202911377
C533OOH,0.5779098272323608,0.637920618057251
C5PAN1,0.33233994245529175,0.5161816477775574
IECCO3H,0.3569415211677551,0.691312313079834
C5PAN2,0.3876132369041443,0.48087427020072937
MALDIALCO2,0.4335503578186035,0.6568377017974854
CO36C10,0.10815960168838501,0.23076803982257843
CO36C11,0.08409116417169571,0.22652597725391388
CO36C12,0.06907707452774048,0.22365404665470123
C4OHCO3H,0.27876555919647217,0.36307963728904724
TLEMUCNO3,0.47616079449653625,0.5347687005996704
HO8C9OOH,0.29085230827331543,0.17175455391407013
TLFUONOOA,0.3337642550468445,0.6145800352096558
CHOMOHCO3,0.5771893262863159,0.614872932434082
PINALNO3,0.8612839579582214,0.35836973786354065
C5DIALOOH,0.36875641345977783,0.6208394765853882
HO3C96OOH,0.09873739629983902,0.1584484577178955
DIEKAOOH,0.25603851675987244,0.15080074965953827
HCOCO2H,0.40770119428634644,0.6687367558479309
C43NO34O2,0.4966137707233429,0.19746436178684235
HCHO,0.5382850170135498,0.3589079976081848
HO36C9,0.10220331698656082,0.15664994716644287
HO36C8,0.143438458442688,0.14586906135082245
C102OOH,0.34758228063583374,0.06098322570323944
C514OOH,0.8103920221328735,0.4598197937011719
NCRES1O,0.27000299096107483,0.921444296836853
NPHENOH,0.5479766130447388,0.8707906007766724
C101OOH,0.23016850650310516,0.010385937988758087
HO1C3NO3,0.16358111798763275,0.49957701563835144
NC526O,0.5174026489257812,0.3246830403804779
C922O,0.8494422435760498,0.2828269600868225
C6H13CO2H,0.0022736513055860996,0.35326287150382996
CHOC3COCO3,0.8126119375228882,0.4156920313835144
C6OTKETO,0.6809831261634827,0.49970242381095886
TLEMUCO,0.5628846883773804,0.6367636919021606
CONM2CHO,0.4526827037334442,0.6280587315559387
C102O,0.3487864136695862,0.14530760049819946
NPHENO2,0.5227020978927612,0.8829324245452881
MGLYOOB,0.46639835834503174,0.48712241649627686
C3NO3COO,0.5905591249465942,0.2979266047477722
IECCO3,0.3578750789165497,0.686662495136261
HO1C5O,0.23234717547893524,0.4777771830558777
HC23C4CO3H,0.37816399335861206,0.38366711139678955
MGLYOOA,0.49591925740242004,0.546434760093689
C5PACALD2,0.4621649980545044,0.6040792465209961
C717NO3,0.843168318271637,0.41412219405174255
C5PACALD1,0.6323413848876953,0.6818610429763794
CY6TRION,0.3110136091709137,0.5565776824951172
HCOCO,0.44373592734336853,0.6250367164611816
HO6C7CO3H,0.3486112058162689,0.021576372906565666
NBZFUO2,0.41955041885375977,0.8383743762969971
HO3C76NO3,0.31912651658058167,0.006433370057493448
NO3CH2CO3,0.5845274925231934,0.32275182008743286
OXYMUCNO3,0.37168675661087036,0.609834611415863
NC4CHO,0.4893447458744049,0.6466787457466125
MC3ODBCO2H,0.4212247431278229,0.6093818545341492
OXNNCATCO,0.7627197504043579,0.8688855767250061
C57NO3CO3H,0.7149723172187805,0.6604615449905396
C526O2,0.4207208752632141,0.5573024153709412
C719NO3,0.9813026189804077,0.3878284990787506
CH3CHOO,0.3488207757472992,0.2002108246088028
C921O2,0.894251823425293,0.1983768343925476
MGLOO,0.6000580191612244,0.6089151501655579
HO5C6CO3,0.23190011084079742,0.3947599530220032
NC4H9OOH,0.2523075044155121,0.3561962842941284
C58NO3CO2H,0.47913798689842224,0.7416484355926514
NDNOXYOLO2,0.7333647012710571,0.939102292060852
NTMB1FUOOH,0.06015406921505928,0.7513150572776794
C109O,0.593808650970459,0.30994653701782227
CHOPRNO3,0.4542299211025238,0.2278088629245758
C531O,0.5508617162704468,0.313005268573761
C6CO2OHPAN,0.38042160868644714,0.5833772420883179
C6H5O,0.16111315786838531,0.866969883441925
NPHEN1OOH,0.16502249240875244,0.9058154821395874
HCOC5,0.6159157752990723,0.3569651246070862
C811NO3,0.1648567169904709,0.6630927324295044
PBZQO,0.18638741970062256,0.7360448837280273
MCATEC1OOH,0.4608134925365448,0.9874807000160217
C2H5CHO,0.3051179349422455,0.3386779725551605
INDHCO3H,0.6956676244735718,0.541292667388916
C113NO3,0.03326832875609398,0.29931193590164185
BZBIPEROOH,0.5439242720603943,0.8420717120170593
BZEMUCO2,0.48821598291397095,0.7985767722129822
OXYOLO,0.6176444888114929,0.7971695065498352
MACRNBCO3,0.5155651569366455,0.6994186043739319
C621O,0.5712302923202515,0.30265748500823975
HMGLOO,0.5266948342323303,0.4920194745063782
INCGLYOX,0.41472750902175903,0.600109875202179
TLFUO2,0.25478634238243103,0.7536540031433105
OCCOHCOH,0.5560501217842102,0.540356457233429
MVKOOA,0.488172322511673,0.42664745450019836
MPRKAO2,0.35120752453804016,0.09398949891328812
PPACLOOA,0.7250874042510986,0.6941162347793579
C510OOH,0.5991121530532837,0.7902911901473999
MPRKAOH,0.4196031093597412,0.1893235594034195
C5H8,0.5535881519317627,0.3658963739871979
OCCOHCO2,0.5479505658149719,0.4973314702510834
C59O2,0.6370296478271484,0.41942963004112244
ACETOL,0.5567445755004883,0.5166571140289307
IPROPOLO2,0.6637046337127686,0.18593741953372955
CONM2PAN,0.38238874077796936,0.5695223212242126
C112O2,0.3629608452320099,0.06563986092805862
OXCATEC1O2,0.7633429169654846,0.8896650075912476
PINALO2,0.9366046786308289,0.49737319350242615
C3MDIALOOH,0.46919530630111694,0.5763417482376099
HPNC524CO,0.44228431582450867,0.518943727016449
BZEMUCOH,0.5138986706733704,0.8036820292472839
C45OOH,0.4746388792991638,0.38769254088401794
DDECO,0.042995646595954895,0.12540565431118011
C93OOH,0.15259914100170135,0.3039916455745697
ACCOMECHO,0.320075124502182,0.6288988590240479
C73O2,0.3289284110069275,0.23737017810344696
OXYLO,0.2746080756187439,0.7987015247344971
DECOH,0.19001132249832153,0.03716834634542465
CO23C54O2,0.317604124546051,0.27699366211891174
HMVKBO2,0.6694856286048889,0.5122845768928528
BIACET,0.48969534039497375,0.5296807289123535
INB1NBCO3H,0.7009639739990234,0.5363801717758179
H13CO2CHO,0.4283255636692047,0.5077003836631775
APINAO2,0.9781208634376526,0.6144940257072449
HCOCO3H,0.4195723831653595,0.606235146522522
C5124COOOH,0.5637883543968201,0.2284419685602188
C51NO32CO,0.5829687118530273,0.17064690589904785
NDNPHENOOH,0.20099028944969177,0.8712592720985413
C614O,0.6040372848510742,0.2984945774078369
MNCATECOOH,0.46572038531303406,0.9913572072982788
C95OOH,0.2489604502916336,0.4511321485042572
BZEMUCPAN,0.3744460642337799,0.615943193435669
MACRNCO3,0.5835679769515991,0.5452638864517212
GLYOO,0.5487077832221985,0.7823176980018616
DECO2,0.18669824302196503,0.03700336813926697
NOXYFUO2,0.7988319993019104,0.596295177936554
MEKBO2,0.42098861932754517,0.14887188374996185
GLYOX,0.5469299554824829,0.7142585515975952
OXYLCO3H,0.2580285668373108,0.8408194184303284
INCNCO2H,0.5933464169502258,0.93677818775177
C3H6,0.4901888072490692,0.3015991449356079
OXYBPER2OH,0.6415172815322876,0.7971013784408569
HO7C8OOH,0.4909294843673706,0.052845362573862076
CRESOH,0.5187410116195679,0.8993946313858032
ISOPBNO3,0.569747805595398,0.34626469016075134
CRESOL,0.47265589237213135,0.9271662831306458
C3H8,0.2933722138404846,0.3480716943740845
HO1C5O2,0.6374802589416504,0.05419837310910225
C6135COOOH,0.6223981976509094,0.24907656013965607
PBZQCO,0.18276609480381012,0.7392199039459229
CH2OO,0.5495556592941284,0.33520010113716125
C115O,0.31924745440483093,0.5127853751182556
C86O,0.8412221074104309,0.3160562515258789
NONO,0.0627364069223404,0.12790264189243317
HO1C4O,0.17292077839374542,0.5299142003059387
MPRKNO3,0.7439728379249573,0.15463124215602875
CO3C85O,0.26805412769317627,0.08636805415153503
CO235C5CHO,0.339775025844574,0.5415107607841492
PHENO,0.5401408672332764,0.8074567317962646
HO5C5CO3H,0.1504645049571991,0.4310435950756073
C2H6,0.262035995721817,0.19833512604236603
C2H4,0.5011864304542542,0.32982704043388367
HO7C8CO3,0.40226414799690247,0.0432702898979187
C2H2,0.44617581367492676,0.628325343132019
C5OH2CO4O2,0.6635193824768066,0.15391050279140472
CRESO2,0.5055163502693176,0.9083558917045593
HCOCH2O,0.45612838864326477,0.45711633563041687
C58NO3CO3H,0.44168105721473694,0.7185643315315247
INANCO,0.6080195903778076,0.4792635440826416
NBZFUO,0.3898695409297943,0.8244211077690125
C44OOH,0.8647522330284119,0.19394876062870026
C530O,0.5238915681838989,0.3074035048484802
C52NO31OOH,0.554753303527832,0.19744516909122467
NO3CH2CHO,0.43879467248916626,0.48965534567832947
DNOXYOL,0.7270994186401367,0.944346010684967
MACRNBCO2H,0.5136759877204895,0.7068203091621399
CO2C4CO3H,0.41823384165763855,0.23387596011161804
C5CO14OOH,0.4261895418167114,0.7463755011558533
CHOC3COO2,0.7940161228179932,0.41785797476768494
HO3C96O2,0.09282869100570679,0.15080755949020386
HO3C3CO3H,0.2720276117324829,0.29037365317344666
CO2C54O,0.7327483296394348,0.1556221842765808
HO2C3CO3,0.3250514268875122,0.40461161732673645
HCOCO3,0.399605393409729,0.6231371164321899
C5124COO,0.5512880086898804,0.29600903391838074
C516O,0.5859335660934448,0.29243937134742737
C91O,0.26924198865890503,0.09461978077888489
C6CYTONO,0.1445944756269455,0.598434567451477
HO3C5OOH,0.20902585983276367,0.2697470188140869
C58AOOH,0.401583194732666,0.567847728729248
HO3C4CO3,0.30802446603775024,0.27506932616233826
HO134C5,0.5026987791061401,0.02518717385828495
C4M2ALOHO2,0.6137316226959229,0.688700795173645
DNPHENO2,0.20915670692920685,0.9246280193328857
C51NO32OOH,0.5744609236717224,0.18200011551380157
NC71OOH,0.8770058751106262,0.40891599655151367
NC3H7OOH,0.2668217718601227,0.2998083531856537
OXYL,0.3272228538990021,0.7888079285621643
CO14O3CHO,0.38667190074920654,0.6308144927024841
MVKNO3,0.6147865056991577,0.517940878868103
MPAN,0.5358726382255554,0.44294407963752747
PPN,0.3438526690006256,0.4255113899707794
HOC2H4CHO,0.29365041851997375,0.5119149684906006
OXYFUO,0.802074134349823,0.5588679313659668
OXY1OHNO2,0.7057228088378906,0.9368124604225159
HC4CO3H,0.4974021911621094,0.40238097310066223
A2PANO,0.6599022746086121,0.5717007517814636
MALANHYO,0.4956084191799164,0.8018592596054077
NC4DCO2,0.33639392256736755,0.9339664578437805
C86O2,0.8343939185142517,0.3157702386379242
C57NO3CO2H,0.6793675422668457,0.7656188011169434
CHOC2PAN,0.34984704852104187,0.5397503972053528
BUT1ENE,0.5062512159347534,0.24661192297935486
HCOCOHCO3H,0.5711445212364197,0.7737345695495605
BZBIPERO2,0.533831000328064,0.8495908379554749
C2H5O2,0.25884807109832764,0.17660753428936005
BIACETO2,0.7159448266029358,0.3332487642765045
NC4DCO2H,0.32812443375587463,0.9449870586395264
INDHCHO,0.6303231120109558,0.5752854347229004
INAHPAN,0.3194788992404938,0.585834264755249
PERBUACID,0.24362051486968994,0.31130072474479675
CISOPCO2,0.6256532073020935,0.6290520429611206
HO34CO6C8,0.13284768164157867,0.26271528005599976
NC4MDCO2H,0.5041393637657166,0.9711109399795532
OXYMUCCO,0.37374287843704224,0.6261114478111267
C82O2,0.13889487087726593,0.22317637503147125
C2H5CO3,0.17377828061580658,0.14213545620441437
APINCO,0.8982847332954407,0.3241772949695587
HEXAOOH,0.01663041114807129,0.37907713651657104
C9PAN1,0.42983755469322205,0.4418378472328186
NC4CO2H,0.4108147621154785,0.5859429240226746
C9PAN2,0.3370409905910492,0.5945790410041809
NOXYQO,0.8132560849189758,0.7563483715057373
BIACETOH,0.6651073098182678,0.4431493878364563
C2H5OH,0.3258342146873474,0.20279115438461304
OXYEPOXMUC,0.37135422229766846,0.6424824595451355
C5CO24O,0.5685824155807495,0.30111488699913025
APINENE,0.9711126685142517,0.5988389849662781
C45O,0.472297340631485,0.38606688380241394
PE2ENEBNO3,0.38674938678741455,0.09397871047258377
TLEMUCCO,0.48373696208000183,0.5469188094139099
TMB1FUONE,0.07090874761343002,0.752088189125061
C104O2,0.10302960127592087,0.31824302673339844
PE4E2CO,0.5999268293380737,0.3460589051246643
C6H5CH2OH,0.1600210964679718,0.7914994955062866
HOCO3C5OOH,0.34726208448410034,0.21826088428497314
CO2C3OOA,0.8064228296279907,0.31831273436546326
CO2C3OOB,0.4509994685649872,0.3514311909675598
EPXDLCO3,0.468088835477829,0.7853832244873047
IEACHO,0.3980644941329956,0.578361988067627
C4CODIAL,0.3783661425113678,0.49446478486061096
IC3H7NO3,0.8434956669807434,0.3048102557659149
INCNCO3H,0.595210611820221,0.9368841052055359
H13CO2C3,0.5568059682846069,0.3323274254798889
INB1NACO3,0.4325442314147949,0.7248792052268982
UDECNO3,0.12637107074260712,0.04894707351922989
C5CO2DBCO3,0.682654619216919,0.43922045826911926
C6H5CH2O2,0.16378848254680634,0.7976628541946411
PROLNO3,0.3690360486507416,0.35972556471824646
C532CO,0.41165000200271606,0.5656887888908386
EPXDLCO3H,0.4607264995574951,0.792062520980835
HO2CO5C7,0.19188986718654633,0.13411825895309448
NC2OO,0.5308279395103455,0.4245259761810303
CO356C10,0.1086287721991539,0.336198091506958
CO356C11,0.06675683706998825,0.32955411076545715
CO356C12,0.04589406028389931,0.315642774105072
OXYQO,0.827977180480957,0.7211606502532959
HO1CO3C4O2,0.42945292592048645,0.31168133020401
CHOMOHPAN,0.46229270100593567,0.5783311128616333
MMALNBCO3,0.6682716012001038,0.7341209650039673
HOCH2COCO2H,0.6476578712463379,0.22856733202934265
INDHPAN,0.6938105225563049,0.5405370593070984
PE1ENEANO3,0.6050833463668823,0.14308138191699982
CHOOCHO,0.37402716279029846,0.5521966814994812
HOCO3C4OOH,0.42335981130599976,0.3330404758453369
C92O,0.3362208604812622,0.1777740716934204
PBZN,0.33993998169898987,0.5819026231765747
NC2OOA,0.5787957906723022,0.7559398412704468
MALDIALPAN,0.4396062195301056,0.6400294899940491
CH3CO2H,0.6873122453689575,0.40959432721138
HO14C6,0.1850554347038269,0.1646113097667694
C4M2ALOHNO3,0.5856720805168152,0.7039749622344971
C536O2,0.4213271141052246,0.5361865758895874
C717O,0.8454610109329224,0.414020299911499
CO2C3CHO,0.4546366333961487,0.35455387830734253
HOCO4C5OOH,0.422579824924469,0.35391736030578613
C72OOH,0.2514403760433197,0.2270403355360031
DIEK,0.17525364458560944,0.16101674735546112
C530O2,0.4620557427406311,0.34127408266067505
CY6COCOOOH,0.20398595929145813,0.5929769277572632
C5DIALCO,0.3654605448246002,0.6172099113464355
CO23C3CHO,0.4973430633544922,0.5033866763114929
MVKOHANO3,0.24398420751094818,0.5572831630706787
NOAOO,0.5225166082382202,0.6682923436164856
PEAO,0.09011995047330856,0.41184526681900024
NTLFUOOH,0.2509044110774994,0.7402806282043457
OXYLCO3,0.26382702589035034,0.8233749270439148
C85O,0.8447920083999634,0.6726765632629395
C125O,0.32039275765419006,0.5151719450950623
CO2C4CO2H,0.4196419417858124,0.23031960427761078
INANCO3,0.2512909471988678,0.627678632736206
TLEMUCPAN,0.3594185709953308,0.6073054075241089
C47CHO,0.5876436233520508,0.704028308391571
C106OH,0.8770629167556763,0.3479762375354767
CO,0.4082382619380951,0.5376678705215454
DNOXYOLO2,0.7318564057350159,0.9402754306793213
CO2C4CO3,0.3837088644504547,0.3040561378002167
C813O2,0.7974185943603516,0.20375636219978333
C58AO,0.5778933167457581,0.7317733764648438
CO3C75O2,0.22362640500068665,0.06080205738544464
CO25C73O,0.32808148860931396,0.28888702392578125
CYHXONAO,0.16312046349048615,0.572365939617157
C534O2,0.6881077289581299,0.7304037809371948
C720NO3,0.9700778722763062,0.3398703336715698
C104OH,0.12642277777194977,0.33579814434051514
MACR,0.4895700216293335,0.4345746636390686
C920O,0.8922514319419861,0.5149495601654053
MACRNCO3H,0.5935165882110596,0.5249984860420227
H3C2C4CO3H,0.7580164074897766,0.5524993538856506
C4COMOHOOH,0.55403733253479,0.09499308466911316
C721PAN,0.3262389898300171,0.5680677890777588
C3MDIALOH,0.47184938192367554,0.5919150710105896
C813OH,0.8147567510604858,0.22236359119415283
OXYQO2,0.8250628709793091,0.746746301651001
M3FOO,0.33720916509628296,0.6838539838790894
MACRNPAN,0.37777504324913025,0.6971355080604553
C106O2,0.8830261826515198,0.3685099184513092
HO3C4CO3H,0.49318718910217285,0.13076075911521912
CO3C4NO3,0.48843318223953247,0.16400764882564545
CO25C74OOH,0.1954563409090042,0.1345481276512146
C533O,0.5753734111785889,0.6212549805641174
