CH4	CH3O2	CH3CHOOA	C5H8	HCHO	MVK	MACR	ISOPBO2	ISOPCO2	CH2OOE	MACROOA	MVKOOA	MVKOH	C2H4	CH3OOH	ISOPBNO3	C3H6	PAN	MACO2H	CH3OH	HOCH2CO2H	PHAN	ACO2H	CH3NO3	HOCH2CO3	MACO3	ACO3	CH2OO	NO3CH2PAN	NO3CH2CO2H	IBUTOLBNO3	CH3O	NO3CH2CO3	ISOPBO	CO235C6O	HO2CO4C5O	C53O	HO1CO3C4O	MEKCO	MVKO	CHOC3COO	GAOOB	CH3COCH2O	IPROPOLO	HYPROPO	PROL11MO	MGLOOA	C614O	HCOCH2O	BIACETO	HOCH2CH2O	IBUTOLBO	ISOPDO	M2BUOL2O	C621O	MVKOHAO	HO3C4O	HMVKAO	H1C23C4O	NBUTOLAO	MACRO	ETHENO3O	C512O	PRONO3BO	PRONO3AO	C2H6	C2H5O2	MGLYOX	HMVKBO2	HMVKAO2	MVKOO	CH2OOB	MACRO2	MACROO	MGLYOOB	CH2OOC	HOCH2CHO	HC4CCHO	HYETHO2H	HC4CCO2H	ACRPAN	ETHGLY	C3PAN1	ETHOHNO3	HOCH2CH2O2	HC4CCO3	HCOCH2O2	GAOO	HMVKBO	MVKOHBO	HMGLOOA	C57O	PROPGLY	CH3COCH2O2	M2BUOL2NO3	CH3CO3	C4PAN6	HYPERACET	CO2H3CO3	CO2C3PAN	PROPALOOH	IBUDIALPAN	MGLYOO	PROPALO2	MGLOO	ISOPBOOH	C2H2	HCOOH	HOCH2COCHO	MVKOHBO2	MVKOHAO2	MVKO2	ETHENO3O2	CH2OOA	ISOPCOOH	ISOPCNO3	C57O2	MGLYOOA	CH3CO2H	CH3CHOO	CH3CHO	IPROPOLO2	PRONO3BO2	PRONO3AO2	CH3CO3H	C2H5OOH	C2H5NO3	C2H5OH	PPN	IPROPOLPAN	CH3CHOHCO3	PRNO3PAN	PRNO3CO2H	PRNO3CO3	BUT2OLAO	HOCO3C54O	DIEKAO	MEKBO	C2H5O	PROPALO	SC4H9O	C4PAN10	H13CO2CO3	HMGLOO	HMVKBOOH	BIACETOH	MACROOH	HO12CO3C4	CO23C3CHO	BIACETO2	C57OOH	CO23C4CHO	CO23C4CO3	MVKOHBOOH	H14CO23C4	HOCH2CO3H	HMVKAOOH	CO2H3CHO	CH3COCO2H	HMVKANO3	H3C2C4PAN	MACO3H	ISOPBOH	BIACETOOH	MVKOOH	VGLYOX	C5PAN19	HC4CCO3H	MVKOHAOOH	H13CO2CHO	CO23C4CO3H	MVKOHAOH	MVKOHANO3	HOCH2COCO2H	C5PAN17	MACROH	C5PAN9	H1CO23CHO	H1C23C4CHO	H1C23C4CO3	HCOCH2CHO	HCOCH2CO3	C511O	ACO3H	H3C2C4CO3	C2H5CO3	HCOCH2CO2H	HCOCH2CO3H	CO13C3CO2H	IPROPOLO2H	CH3CHOHCHO	H3C2C4CO2H	H3C2C4CO3H	HOC2H4CO3	CO2H3CO3H	C621OOH	C621O2	C57OH	PROLNO3	C4PAN3	HOC2H4CO2H	HOC2H4CO3H	H13CO2CO3H	H1C23C4OOH	H1C23C4O2	H1C23C4PAN	HOIPRCO2H	HOIPRCO3	BIACET	HC23C4CO3H	PROPACID	CO2C3CO3	PR1O2HNO3	CHOPRNO3	PERPROACID	HO2C3CO2H	HO2C3CO3	BUT2OLO2	IPROPOLPER	NO3CH2CHO	ETHO2HNO3	NBUTOLAO2	M2BUOL2O2	MEKBOOH	HO1CO3CHO	HOCO3C4OOH	HO1CO3C4O2	HO2CO4C5O2	C53OOH	HOIPRGLYOX	C53O2	BUT2OLO	C5PAN7	HO14CO2C4	C53OH	MEKCOOH	EGLYOX	HOIPRCO3H	BUT2OLOOH	BUT2OLNO3	BUT2OLOH	C5PAN14	HO2C3CO3H	MEKCOH	C5PAN16	PRNO3CO3H	NBUTOLAOOH	NBUTOLANO3	NBUTOLAOH	NO3CH2CO3H	HO2C43CO3	HO2C43CO2H	HO2C43CO3H
C813NO3	TC4H9NO3	TBUTOLO	PINALO2	C3H8	IC3H7O2	CH3COCH3	C98NO3	C108NO3	C106NO3	PINALNO3	C89PAN	IC3H7OOH	C89NO3	C810NO3	IC3H7NO3	IPECNO3	PIPN	IPROPOL	ME2BUOLNO3	C4PAN5	IPRHOCO2H	TC4H9O	C86O	NC102O	C722O	C922O	IC3H7O	C810O	IPECO	C98O	M2PROPAL2O	MIPKAO	C108O	ME2BUOLO	C106O	C813O	ME2BU2OLO	IPRHOCO3	APINOOA	TC4H9O2	IC5H12	IPECO2	C97OOH	C97O2	C98OOH	C98O2	C107OOH	C107O2	CO235C6CHO	C716OH	C717NO3	C716OOH	C717OOH	C716O2	C717O2	CO235C6CO3	C717OH	C717O	NC71O	PINALOOH	CO13C4CHO	C512OOH	C514OOH	C514NO3	C512NO3	CHOC3COCO3	C512OH	C512O2	C514O2	C514OH	C716O	C514O	C108OOH	C108O2	C106OOH	C106O2	CO235C6OOH	CO235C6O2	C235C6CO3H	C813OOH	C813O2	C413COOOH	CHOC3COO2	C44O	C89OOH	C89O2	TC4H9OOH	C922OOH	C922O2	IPECOOH	CHOC3COOOH	IPRCO3	IBUTALCO2	C810OOH	C810O2	C511OOH	C511O2	C97OH	C97O	C98OH	C107OH	C107O	PINALOH	PINALO	C106OH	C108OH	C722OOH	C722O2	NC71CO	NC72O2	NC102O2	H13C43CO3	C44OOH	C44O2	NC71OOH	NC71O2	IBUTACID	C813OH	PERIBUACID	TBUTOL	C89OH	C89O	IBUTOLBO2	C810OH	IPECOH	IBUTALO2H	ME2BUOLO2	TBUTOLO2	ME2BU2OLO2	HO2M2C4O2	IBUTOLBO2H	NC72OOH	MIPKAOH	IBUTALOH	M2BU2OLOOH	M2BU2OLNO3	C4ME3HO23	TBUTOLOOH	IBUTOLOHB	TBUTOLNO3	C5PAN11	NC72O	IPRHOCO3H	HO2M2C4OOH	H2M2C3CHO	C54OOH	H13C43CHO	C54O2	HO2M2C4NO3	HO2M2C4OH	HO2M2C4O	H2M2C3CO3	C54OH	C54NO3	H2M2C3CO3H	H13C43CO3H
BUTALO	NBUTOLBO	MEKAO2	CO2C4CHO	HOBUT2CO3	HO2C4CO3	BUTALO2	MEKAOH	CO2C3CHO	NBUTOLBOOH	C5PAN5	NBUTOLBNO3	HO2C4OH	NBUTOLBO2	C5PAN12	CO2C4CO3	HO2C3CHO	MEKAOOH	C5PAN2	MEKANO3	BUTALO2H	BUTALNO3	MEKAO	HO2C4OOH	HO2C4O2	C5PAN1	HO2C4NO3	HO2C4O	HOBUT2CO2H	HO2C4CO2H	CO2C3CO3H	HOBUT2CO3H	HO2C4CO3H	CO2C4CO2H	CO2C4CO3H
ISOPAO2	GLYOX	ACETOL	HC4ACHO	MPAN	HYPROPO2H	HC4ACO2H	C58NO3	PROPOLNO3	HYPROPO2	HC4ACO3	C4PAN4	ACLOO	C58O	ACLOOA	ISOPAOH	ISOPAO	ISOPAOOH	ISOPANO3	C58O2	ISOPCO	GLYOOC	HCOCH2OOH	C3PAN2	HCOCO3	GLYOO	C58OOH	HCOCO2H	HC4ACO3H	GLYPAN	HCOCO3H	C58OH
PINAL	APINANO3	NAPINAO	APINAO	APINBO	NAPINBO	LIMONENE	APINAO2	APINBO2	APINCO2	APINENE	NAPINAO2	NAPINBO2	APINAOOH	GTERP	CAMPHENE	APINBOOH	APINBCO	APINBNO3	APINBOH	NAPINAOOH	APINCOOH	NAPINBOOH	NC101CO	CARENE	NC101O2	APINCOH	NC101OOH	NC102OOH	NC101O
HO1CO34C5	MEKCO2	DIEKBO2	C4CHOBO2	HO3C5O2	DIEKBOOH	CO3C4CHO	HOCO3C5OOH	HOCO3C54O2	DIEKBNO3	HO1CO3C5	C4CHOBNO3	C4CHOBOOH	HO3C4CHO	CO3C4CO3	C4CHOBO	HO13C5	CO3C4CO2H	CO3C4CO3H	HO14CO3C5	DIEKBO	HO3C5OOH	HO3C5NO3	HO3C4CO3	HO3C4CO3H
HO13C4O	HO13C5O	HOC3H6CO3	HOC2H4CHO	HO1C3OOH	C4PAN1	HO1C3NO3	HOC3H6OH	HO1C3O2	C4PAN2	HO13C3CO3	HO1C3O	HO13C4OOH	HO13C3CHO	HO13C4O2	HOC3H6CO2H	HO13C4OH	HO13C4NO3	HOC3H6CO3H	HO13C3CO3H
C811OOH	C721CHO	C811O2	C812OOH	C812O2	C89CO2	C811NO3	PINIC	C811CO3	C811CO3H	C811PAN	C811OH	C721CO3	C721O2	C811O	NORPINIC	C721CO3H	C812OH	C812O	C721O
NC4H10	SC4H9O2	MEK	SC4H9OOH	SC4H9NO3	BUT2OL	C5PAN4	MEKBO2	PROL1MPAN	PROL1MCO3	BUT2CO3	BUT2CO2H	BUT2CO3H	PROL11MO2	M2BUOL2OH	PROL11MOOH	PROL1MCHO	PROL11MNO3	PROL1MCO3H
C56O	IBUTOLCO2	HOIBUTCO3	HOIPRCHO	IBUTOLCO2H	C5PAN3	IBUTOLCNO3	IBUTOLOHC	C5PAN13	IBUTOLCO	C42CO3	HOIBUTCO3H	C56OOH	C42CHO	C56O2	C56OH	C56NO3	C42CO3H
C96CO3	APINBOO	APINOOB	C96OOH	NORPINAL	C96O2	C96NO3	PINONIC	PERPINONIC	C10PAN2	C96OH	C85CO3	C85O2	C86OOH	C86O2	C96O	C85CO3H	C85O
NISOPO2	NOA	NOAOOA	NC4CHO	C510O	NISOPOOH	NISOPNO3	C510O2	NC4CO3	NISOPO	C5PAN18	NC4CO2H	PR2O2HNO3	NOAOO	C510OOH	NC4CO3H	C510OH
CO23C54O	DIEKAO2	MPRKAO2	PE2ENEBO2	DIEKAOOH	CO23C5	MPRKAOOH	DIEKAOH	MPRKAOH	CO23C54O2	C523OH	C53OH2OOH	PE2ENEBNO3	CO23C54OOH
MIPKBO2	CO2C43CHO	MIPKBOOH	MIPKBNO3	MIPKBOH	C41CO3	MIPKBO	HM2C43O2	HM2C43OOH	HM2C43NO3	HO13M2C4	HM2C43O	C41CO2H	C41CO3H
NC3H7O2	PE2ENEBO	C2H5CHO	NC3H7OOH	NC3H7NO3	NPROPOL	PBN	MPRKAO	NC3H7O	HO3C3PAN	C3H7CO3	BUTACID	PERBUACID
APINCNO3	APINCO	HCC7CO	C720OOH	C720NO3	C720O2	C719O2	C720OH	C720O	C719NO3	C719O	C719OOH	C719OH
IPEBO2	IPEBO	MIPK	IPEBOOH	IPEBNO3	IPEBOH	MIPKAO2	HO2C43CHO	H2M3C4O2	H2M3C4OOH	H2M3C4NO3	H2M3C4O
CO2C5OH	HO1C5OOH	HO1C5NO3	HO2C5OH	HO1C5O2	C54O	HO2C5O	HO2C5OOH	HO2C4CHO	HO2C5O2	HO2C5NO3	HO1C5O
C51O	C51O2	HO1CO24C5	C51OOH	C51NO3	CO24C4CHO	C51OH	HO14CO2C5	HOCO4C5OOH	HO2CO4CHO
NC4H9O2	NC4H9OOH	C3H7CHO	NC4H9NO3	NBUTOL	PPEN	NC4H9O	C4H9CO3	PENTACID	PERPENACID
C614CO	C614OOH	C614NO3	CO235C5CHO	C614OH	C614O2	C7PAN3	NC6PAN1	NC61CO3	NC61CO3H
H3C25C6O	H3C25C6OH	H3C25C6CO3	H3C25C6OOH	H3C25C5CHO	H3C25C6O2	H3C25C6PAN	H3C25CCO2H	H3C25CCO3H
C109O	C109OOH	C109CO	C109O2	C109OH	C89CO3	C89CO2H	C89CO3H	C920PAN
CO24C53O	CO2C54O2	CO24C5	MPRKNO3	MPRKBOOH	HO2CO4C5	CO24C53O2	CO2C54O	CO24C53OOH
C920OOH	C920O2	C921OOH	C921O2	HOPINONIC	C920CO3	C920CO3H	C920O	C921O
ISOPDO2	C59O	HCOC5	ISOPDOOH	ISOPDNO3	ISOPDOH	C59O2	C59OOH
IBUTALBO2	IBUTDIAL	IBUTALBO2H	IBUALANO3	IBUDIALCO3	IBUTALBO	PRPAL2CO2H	PRPAL2CO3H
CHOCOCH2O	CHOC3COPAN	C4CODIAL	C312COCO3	ALCOCH2OOH	CHOCOCH2O2	C312COCO3H
IC4H10	IC4H9O2	IPRCHO	IC4H9OOH	IC4H9NO3	IBUTOL	IC4H9O
IPEAO2	IPEAOOH	BUT2CHO	IPEANO3	IPEAOH	IPEAO	M2BUOL2OOH
NC5H12	PEBO2	PEBOOH	MPRK	PEBNO3	PEBOH	PEBO
HO3C3CO3	HO3C4O2	HO3C4OOH	HO3C3CHO	C5PAN8	HO3C4NO3	HO3C3CO3H
HOBUT2CHO	C52OH	C52O	C52OOH	HOIBUTCHO	C52O2	C52NO3
PECO2	PECO	DIEK	PECOOH	PECNO3	PECOH
PEAO2	PEAOOH	C4H9CHO	PEANO3	PEAOH	PEAO
HOC3H6CHO	HO1C4OOH	HO1C4NO3	HOC4H8OH	HO1C4O2	HO1C4O
HO13CO4C5	HO13C5OOH	HO13C5O2	HO13C5NO3	HO134C5	HO3C5O
C513O	C513CO	C513OOH	C513O2	C513OH
C85OOH	C9PAN2
C721OOH	C721PAN
C312COPAN	C33CO
MIPKAOOH	ME2BUOLOOH
