HO1CO3CHO	CO	PROPALO	HCHO	CO24C4CHO	HO2CO4CHO	ACO3H	INDO	C3MDIALOH	INB1GLYOX	BIACETO	HO13C3CHO	HOCH2COCHO	HMGLYOOA	HMGLYOO	HMACROH	GAOOB	CONM2CO2H	CO2H3CHO	CO23C4NO3	INCGLYOX	C32OH13CO	CH3C2H2O2	H1CO23CHO	HCOCO2H	HCOCH2O	INAHCHO	CH2OOA	CH3O	EGLYOX	CO23C4CHO	HMVKNGLYOX	HNC524CO	H13CO2CHO	MMALNBCO2H	DNC524CO	VGLYOX	COHM2CO2H	COHM2PAN	GLYOO	MVKO	INDHCHO	GLYOOB	MVKOH	ALLYLOH	NMGLYOX	ACR	MVKOOH
ISOPDOOH	HCOC5	ISOPDO2	MACROO	ISOPAOOH	ISOPAO2	IEPOXA	ISOPCOOH	ISOPCO2	NC4OOA	NC4OO	PROPOLNO3	MACRNOOA	MACRNOO	MACROOA	ISOPCNO3	NC3OOA	CH2OOB	MACRNCO2H	ISOPANO3	NC2OOA	INB2O2	ISOPBNO3	CH2OOE	CH2OOC	NISOPNO3	ISOPDNO3	C5H8	MVKOOA	NISOPO2	ISOPBO2	ISOPAOH	NISOPOOH	ISOPBOOH	ISOPDOH	ISOPBOH	MVKO2
CHOPRNO3	CH3CHO	HCOCH2O2	IPROPOLO	CH3CO3	CH3COCH2O	BIACETOH	CH3COCO3H	BIACETOOH	BIACETO2	PRNO3CO3H	HCOCH2CO2H	HO13CO4C5	CO23C54O	CH3COCO2H	HYPROPO	MEKBO	CH3CHOO	CH3CO2H	CH3CO3H	HCOCH2OOH	C2H5O	DIEKAOH	BUT2OLO	CH3CHOHCHO	CH3COCO3	PAN	BIACET	CO24C5	CO24C53O	HCOCH2CO3H	C2H5OH
HOCH2CO3	HMGLOOA	HMGLOO	PHAN	H14CO23C4	HIEB1O	HOCH2CO2H	HOCH2CO3H	IEC2OOH	MVKOHAOH	GAOO	HOCH2COCO2H	MVKOHBO2	MVKOHBOOH	MVKOHBO
IPROPOLO2	HO14CO2C5	C3H6	HYPROPO2H	HYPROPO2	CH3CHOOA	PROLNO3	PROPGLY	IPROPOLO2H	HO2C3CO3H
INAHCO3H	HMVKANO3	HO12CO3C4	MGLOOA	MGLOO	MVK	HMVKAO2	ISOPBO	HMVKAOOH	MVKOO
ISOPDO	MACR	MACRO2	MACROOH	MACROHO2	MACROHOOH	MGLYOOB	IBUTALOH	CH2OOG
INANCOCO2H	NO3CH2CO3	INANCOCO3H	INANCOPAN	NO3CH2PAN	NO3CH2CO3H	NO3CH2CO2H	NC2OO
INDOOH	INDHPCHO	INDO2	INB1NO3	INDOH	INB1NACHO	INB1NBCHO
NC3H7O	C2H5CHO	HO3C3CHO	HO3C3CO3	HO3C3PAN	HO3C3CO3H	MPRKAOH
PERPROACID	CO23C5	C2H5CO3	MEKCO	HO1CO3C5	PPN	PROPACID
NC3OO	NOA	INCO	C510O	NOAOO	MACRNBCO2H
HOCH2CHO	HMVKBO	GLYOX	C57O	A2PANO	HCOCOHCO3H
C524CO	ISOPAO	C524O2	C524NO3	C524OOH	C524OH
MACROH	ACETOL	MACRO	C58O	C59O	INB1O
HC4ACHO	C58OOH	ACLOOA	C58O2	GLYOOC	C58OH
MACROHO	MGLYOX	MGLYOO	HMVKAO	NOAOOA	ACLOO
CH3O2	CH3O2NO2	CH4	CH3OOH	CH3NO3	CH3OH
MPRK	CO2C54O2	HO2CO4C5	CO2C54O	MPRKBOOH	MPRKNO3
INAOOH	INAO2	INAHPCHO	INAOH	INANO3	INANCHO
HOCH2CH2O2	ETHOHNO3	MEKAOH	HYETHO2H	HOCH2CH2O	ETHGLY
HO1C3O	HO1C3OOH	HO1C3O2	HO1C3NO3	HOC3H6OH
IPROPOL	IC3H7O2	IC3H7NO3	IC3H7OOH	C3H8
HO3C5O	HO3C5OOH	HO3C5O2	HO13C5	HO3C5NO3
HO13C5O2	HO13C5O	HO13C5OOH	HO13C5NO3	HO134C5
BUT2OLAO	BUT2OLO2	BUT2OLOOH	BUT2OLOH	BUT2OLNO3
PEAOOH	PEAO2	PEAO	PEANO3	PEAOH
INAHPAN	INAHPCO3	INAHPPAN	INAHPCO2H	INAHPCO3H
C4H9CHO	C4H9CO3	PERPENACID	PPEN	PENTACID
C4CHOBO2	C4CHOBNO3	C4CHOBOOH	CO3C4CHO	C4CHOBO
C3H7CHO	PBN	C3H7CO3	PERBUACID	BUTACID
NBUTOLAO2	NBUTOLAO	NBUTOLAOH	NBUTOLAOOH	NBUTOLANO3
HO13C4O	HO13C4OOH	HO13C4O2	HO13C4NO3	HO13C4OH
HO2C4O2	HO2C4OOH	HO2C4NO3	HO2C4OH	HO2C4O
HOCO3C54O2	HO14CO3C5	HOCO3C54O	HOCO3C5OOH	HO1CO34C5
BUT2OL	SC4H9O2	SC4H9OOH	SC4H9NO3	NC4H10
NC524OOH	NC524O2	HPNC524CO	NC524NO3	NC524OH
MACRNB	INCNCO3	INCNCO3H	INCNCO2H	INCNPAN
HO3C4O	HO3C4O2	HO3C4NO3	HO3C4OOH	HO3C4CO3H
HO2C5O2	HO2C5NO3	HO2C5OOH	HO2C5OH	PEBO
HO1C4NO3	HO1C4O2	HOC4H8OH	HO1C4OOH	NC4H9O
C53OH2OOH	PE2ENEBO	PE2ENEBO2	C523OH	PE2ENEBNO3
C51NO3	C51O	C51O2	C51OOH	C51OH
C4PAN1	HOC3H6CO3	HOC3H6CO3H	HOC3H6CO2H
C4PAN5	IPRHOCO3	IPRHOCO2H	IPRHOCO3H
ETHENO3O	NO3CH2CHO	INAO	C42AOH
BUTALO2	BUTALNO3	BUTALO2H	BUTALO
HOC2H4CO3	C3PAN1	HOC2H4CO3H	HOC2H4CO2H
MACO2H	MACO3H	MPAN	MACO3
NC4H9O2	NBUTOL	NC4H9OOH	NC4H9NO3
NBUTOLBO2	NBUTOLBOOH	NBUTOLBO	NBUTOLBNO3
HO1CO3C4O	HO1CO3C4O2	HOCO3C4OOH	HO14CO2C4
INB1NACO3H	INB1NAPAN	INB1NACO3	INB1NACO2H
MEKAO	MEKAO2	MEKAOOH	MEKANO3
PECO2	PECOOH	PECNO3	PECOH
PEBO2	PEBOOH	PEBOH	PEBNO3
HCOCO3H	HCOCO3	COHM2CO3H	CO23C3CHO
NC3H7NO3	NC3H7O2	NPROPOL	NC3H7OOH
INCO2	INCNO3	INCOH	INCNCHO
HO1C5OOH	HO1C5O	HO1C5O2	HO1C5NO3
MMALNAPAN	MMALNACO3	MMALNACO2H	MMALNACO3H
C58NO3CO3	C58NO3CO3H	C58NO3CO2H	C58NO3PAN
INANCO3H	INANPAN	INANCO3	INANCO2H
CO2C4CO3	C5PAN2	CO2C4CO3H	CO2C4CO2H
C2H5O2	C2H6	C2H5NO3	C2H5OOH
HMACO3H	HMACO3	HMPAN	HMACO2H
DIEKBO	DIEKBOOH	DIEKBO2	DIEKBNO3
MVKOHAO	MVKOHAOOH	MVKOHAO2	MVKOHANO3
C5PAN1	HO2C4CO3	HO2C4CO3H	HO2C4CO2H
HC4ACO3	HC4ACO2H	HC4ACO3H	C5PAN17
NC4CO3	C5PAN18	NC4CO2H	NC4CO3H
C57NO3CO3H	C57NO3CO3	C57NO3CO2H	C57NO3PAN
HC4CCO3	C5PAN19	HC4CCO3H	HC4CCO2H
INB1HPCO3H	INB1HPPAN	INB1HPCO3	INB1HPCO2H
OCCOHCO2	OCCOHCOOH	OCCOHCO	OCCOHCOH
INB1NBCO3H	INB1NBCO3	INB1NBCO2H	INB1NBPAN
CO3C4CO2H	C5PAN16	CO3C4CO3	CO3C4CO3H
C4PAN3	HO2C3CO3	HO2C3CO2H
C4PAN6	CO2H3CO3	CO2H3CO3H
PRNO3CO3	PRNO3PAN	PRNO3CO2H
CO2C3CO3	CO2C3CO3H	CO2C3PAN
HO2CO4C5O	HO2CO4C5O2	HOCO4C5OOH
C525O	H13CO2C3	HMACRO
HYPERACET	CH3COCH2O2	HO1CO24C5
IEACO3H	IEAPAN	IEACO3
HMVKBO2	HMVKBOOH	IEACHO
C3DIOLOOH	C3DIOLO	C3DIOLO2
MACRNCO3	MACRNPAN	MACRNCO3H
PRONO3AO2	PR1O2HNO3	PRONO3AO
CONM2CO3H	CONM2CO3	CONM2PAN
MPRKAO2	MPRKAO	MPRKAOOH
CO2N3CHO	MVKNO3	INDHCO3H
CO2N3CO3	CO2N3PAN	CO2N3CO3H
ACRPAN	ACO3	ACO2H
C510O2	C510OH	C510OOH
MACRNBPAN	MACRNBCO3	MACRNBCO3H
INB1OOH	INB1CO	INB1HPCHO
CO2C4CHO	HO2C5O	CO2C5OH
INB2O	C57NO3	C4M2ALOHNO3
C5PAN9	CO23C4CO3	CO23C4CO3H
IECCO3H	IECCO3	IECPAN
DIEKAO2	DIEKAOOH	DIEKAO
PRONO3BO2	PR2O2HNO3	PRONO3BO
HIEB2O2	HIEB2OOH	HIEB2O
MEKCOH	MEKCO2	MEKCOOH
H13CO2CO3H	H13CO2CO3	C4PAN10
IPROPOLPER	CH3CHOHCO3	IPROPOLPAN
A2PAN	A2PANOO	C2OHOCO2H
INDHPCO3	INDHPPAN	INDHPCO3H
C57O2	C57OOH	C57OH
CHOMOHCO3	CHOMOHPAN	CHOMOHCO3H
C4PAN2	HO13C3CO3
HOC2H4CHO	HO13C3CO3H
CHOCOHCO	HOCHOCOOH
CH3COCH3	IC3H7O
ETHO2HNO3	ETHENO3O2
INAHCO3	INAHCO2H
C525OOH	C525O2
IEPOXC	IECCHO
HC4CCHO	MGLYOOA
MACRNO3	CONM2CHO
C58NO3	INB2OOH
C524O	HMACR
INCOOH	INCCO
MEK	SC4H9O
NC524O	HMVKNO3
INB1O2	INB1OH
MEKBOOH	MEKBO2
PECO	DIEK
HIEB1O2	HIEB1OOH
C5PAN8	HO3C4CO3
HO1C4O	HOC3H6CHO
CH2OO	HCOOH
NISOPO	NC4CHO
HCOCH2CO3	C3PAN2
C59O2	C59OOH
MMALNBPAN	MMALNBCO3
CO23C54O2	CO23C54OOH
INANCO	INANCOCHO
HMACRO2	HMACROOH
HCOCOHCO3	HCOCOHPAN
CO24C53OOH	CO24C53O2
INDHCO3	INDHPAN
CO2C3CHO
HO2C3CHO
IEPOXB
NC5H12
C2H4
MMALNBCO3H
INANCOCO3
HO3C4CHO
HO2C4CHO
HIEPOXB
CH3COPAN
C2OHOCOOH
COHM2CO3
